[    0.00000] Initializing cgroup subsys cpuset
[    0.000000] Initializing cgroup subsys cpu
[    0.000000] Initializing cgroup subsys cpuacct
[    0.000000] Linux version 4.4.0-131-generic (buildd@lgw01-amd64-015) (gcc version 5.4.0 20160609 (Ubuntu 5.4.0-6ubuntu1~16.04.10) ) #157-Ubuntu SMP Thu Jul 12 15:51:36 UTC 2018 (Ubuntu 4.4.0-131.157-generic 4.4.134)
[    0.000000] Command line: BOOT_IMAGE=/boot/vmlinuz-4.4.0-131-generic root=LABEL=cloudimg-rootfs ro console=tty1 console=ttyS0
[    0.000000] KERNEL supported cpus:
[    0.000000]   Intel GenuineIntel
[    0.000000]   AMD AuthenticAMD
[    0.000000]   Centaur CentaurHauls
[    0.000000] x86/fpu: xstate_offset[2]:  576, xstate_sizes[2]:  256
[    0.000000] x86/fpu: Supporting XSAVE feature 0x01: 'x87 floating point registers'
[    0.000000] x86/fpu: Supporting XSAVE feature 0x02: 'SSE registers'
[    0.000000] x86/fpu: Supporting XSAVE feature 0x04: 'AVX registers'
[    0.000000] x86/fpu: Enabled xstate features 0x7, context size is 832 bytes, using 'standard' format.
[    0.000000] x86/fpu: Using 'eager' FPU context switches.
[    0.000000] e820: BIOS-provided physical RAM map:
[    000000] BIOS-e820: [mem 0x0000000000000000-0x000000000009fbff] usable
[    0.000000] BIOS-e820: [memx000000000009fc00-0x000000000009ffff] reserved
[   0.0000] BIOS-e820: [mem 0x00000000000f0000-0x00000000000fffff] reserved
[    0.000000] BIOS-e820: [mem 0x000000000100000-0x00000000dffeffff] usable
[    0.000000] BIOS-e820: [mem 0x00000000dfff0000-0x00000000dfffffff] ACPI data
[    0.000000] BIOS-e820: [mem 0x00000000fec00000-0x00000000fec00fff] reserved
[    0.000000] BIOS-e820: [mem 0x00000000fee00000-0x00000000fee00fff] reserved
[    0.000000] BIOS-e820: [mem 0x00000000fffc0000-0x00000000ffffffff] reserved
[    0.000000] BIOS-e820: [mem 0x0000000100000000-0x000000011fffffff] usable
[    0.000000] NX (Execute Disable) protection: active
[    0.000000] SMBIOS 2.5 present.
[    0.000000] Hypervisor detected: KVM
[    0.0000] 820:last_pfn = 0x120000 max_arch_pfn = 0x400000000
[    0.000000] MTRR: Disabled
[    0.000000] x86/PAT: MTRs disable, skipping PATintialization too.
[    0.000000] CPU MTRRs all blank - virtualized system.
[    0.000000] x86/PAT: Configuration [0-7]: WB  WT  UC- UC  WB  WT  UC- UC  
[    0.000000] e820: last_pfn = 0xdfff0 max_arch_pfn = 0x400000000
[    0.000000] found SMP MP-table at [mem 0x0009fff0-0x0009ffff] mapped at [ffff88000009fff0]

[    0.000000] Scanning 1 areas for low memory corruption
[    0.000000] RAMDISK: [mem 0x3630c000-0x3717dfff]
[    0.000000] ACPI: Early table checksum verification disabled
[    0.000000] ACPI: RSDP 0x00000000000E0000 000024 (v02 VBOX  )
[    0.000000] ACPI: XSDT 0x00000000DFFF0030 00003C (v01 VBOX   VBOXXSDT 00000001 ASL  00000061)
[    0.000000] ACPI: FACP 0x00000000DFFF00F0 0000F4 (v04 VBOX   VBOXFACP 00000001 ASL  00000061)
[    0.000000] ACPI: DSDT 0x00000000DFFF0480 0021FF (v02 VBOX   VBOXBIOS 00000002 INTL 20100528)
[    0.000000] ACPI: FACS 0x00000000DFFF0200 000040
[    0.000000] ACPI: FACS 0x00000000DFFF0200 000040
[    0.000000] ACPI: APIC 0x00000000DFFF0240 00006C (v02 VBOX   VBOXAPIC 00000001 ASL  00000061)
[    0.000000] ACPI: SSDT 0x00000000DFFF02B0 0001CC (v01 VBOX   VBOXCPUT 00000002 INTL 20100528)
[    0.000000] No NUMA configuration found
[    0.000000] Faking a node at [mem 0x0000000000000000-0x000000011fffffff]
[    0.000000] NODE_DATA(0) allocated [mem 0x11fff7000-0x11fffbfff]
[    0.000000] kvm-clock: Using msrs 4b564d01 and 4b564d00
[    0.000000] kvm-clock: cpu 0, msr 1:1ffef001, primary cpu clock
[    0.000000] kvm-clock: using sched offset of 3251049666 cycles
[    0.000000] clocksource: kvm-clock: mask: 0xffffffffffffffff max_cycles: 0x1cd42e4dffb, max_idle_ns: 881590591483 ns
[    0.000000] Zone ranges:
[    0.000000]   DMA      [mem 0x0000000000001000-0x0000000000ffffff]
[    0.000000]   DMA32    [mem 0x0000000001000000-0x00000000ffffffff]
[    0.000000]   Normal   [mem 0x0000000100000000-0x000000011fffffff]
[    0.000000]   Device   empty
[    0.000000] Movable zone start for each node
[    0.000000] Early memory node ranges
[    0.000000]   node   0: [mem 0x0000000000001000-0x000000000009efff]
[    0.000000]   node   0: [mem 0x0000000000100000-0x00000000dffeffff]
[    0.000000]   node   0: [mem 0x0000000100000000-0x000000011fffffff]
[    0.000000] Initmem setup node 0 [mem 0x0000000000001000-0x000000011fffffff]
[    0.000000] ACPI: PM-Timer IO Port: 0x4008
[    0.000000] IOAPIC[0]: apic_id 4, version 32, address 0xfec00000, GSI 0-23
[    0.000000] ACPI: INT_SRC_OVR (bus 0 bus_irq 0 global_irq 2 dfl dfl)
[    0.000000] ACPI: INT_SRC_OVR (bus 0 bus_irq 9 global_irq 9 low level)
[    0.000000] Using ACPI (MADT) for SMP configuration information
[    0.000000] smpboot: Allowing 4 CPUs, 0 hotplug CPUs
[    0.000000] PM: Registered nosave memory: [mem 0x00000000-0x00000fff]
[    0.000000] PM: Registered nosave memory: [mem 0x0009f000-0x0009ffff]
[    0.000000] PM: Registered nosave memory: [mem 0x000a0000-0x000effff]
[    0.000000] PM: Registered nosave memory: [mem 0x000f0000-0x000fffff]
[    0.000000] PM: Registered nosave memory: [mem 0xdfff0000-0xdfffffff]
[    0.000000] PM: Registered nosave memory: [mem 0xe0000000-0xfebfffff]
[    0.000000] PM: Registered nosave memory: [mem 0xfec00000-0xfec00fff]
[    0.000000] PM: Registered nosave memory: [mem 0xfec01000-0xfedfffff]
[    0.000000] PM: Registered nosave memory: [mem 0xfee00000-0xfee00fff]
[    0.000000] PM: Registered nosave memory: [mem 0xfee01000-0xfffbffff]
[    0.000000] PM: Registered nosave memory: [mem 0xfffc0000-0xffffffff]
[    0.000000] e820: [mem 0xe0000000-0xfebfffff] available for PCI devices
[    0.000000] Booting paravirtualized kernel on KVM
[    0.000000] clocksource: refined-jiffies: mask: 0xffffffff max_cycles: 0xffffffff, max_idle_ns: 76451960021568 ns
   0.000000] setup_percpu: NR_CPUS:512 nr_cpumask_bits:512 nr_cpu_ids:4 nr_node_ids:1
[    0.000000] PERCPU: Embdded 3 pages/cp @ffff88011fc00000 s99544 r8192 d31528 u524288
[    0.000000] PV qspinlock hash table entries: 256 (order: 0, 4096 bytes)
[    0.000000] Built 1 zonelists in Node order, moility grouping on.  Ttal pages: 1032056
[    0.000000] Policy zone: Normal
[    0.000000] Kernel command line: BOOT_IMAGE=/boot/vmlinuz-4.4.0-131-generic root=LABEL=cloudimg-rootfs ro console=tty1 console=ttyS0
[    0.000000] PID hash table entries: 4096 (order: 3, 32768 bytes)
[    .00000] Memory: 4027964K/4193848K available (8546K kernel code, 1313K rwdata, 4000K rodata, 1516K init, 1316K bss, 165884 reserved, 0K cma-reserved)
[    0.000000] SLUB: HWalign=64, Order=0-3, MinObjects=0, CPUs=4, Nodes=1
[    0.000000] Kernel/User page tables isolation: enabled
[    0.000000] Hierarchical RCU implementation.
[    0.000000] 	Build-time adjustment of leaf fanout to 64.
[    0.000000] 	RCU restricting CPUs from NR_CPUS=512 to nr_cpu_ids=4.
[    0.000000] RCU: Adjusting geometry for rcu_fanout_leaf=64, nr_cpu_ids=4
[    0.000000] NR_IRQS:33024 nr_irqs:456 16
[    0.000000] Console: colour VGA+ 80x25
[    0.000000] console [tty1] enabled
[    0.000000] console [ttyS0] enabled
[    0.000000] tsc: Detected 3000.012 MHz processor
[    0.635034] Calirating delay loop (skipped) preset value.. 6000.02 BogoMIPS (lpj=12000048)
[    0.649458] pid_max: default: 32768 minimu: 301
[    0.662466] API: Core revision 20150930
[    0.677236] ACPI: 2 ACPI AML tables successfully acquired and loaded
[    0.678538] Security Framework initialized
[    0.679381] Yama: becoming mindful.
[    0.680095] AppArmor: AppArmor initialized
[    0.684326] Dentry cache hash table entries: 524288 (order: 10, 4194304 bytes)
[    0.688410] Inode-cache hash table entries: 262144 (order: 9, 2097152 bytes)
[    0.689962] Mount-cache hash table entries: 8192 (order: 4, 65536 bytes)
[    0.691073] Mountpoint-cache hash table entries: 8192 (order: 4, 65536 bytes)
[    0.693422] Initializing cgroup subsys io
[    0.694236] Initializing cgroup subsys memory
[    0.695045] Initializing cgroup subsys devices
[    0.695874] Initializing cgroup subsys freezer
[    0.696698] Initializing cgroup subsys net_cls
[    0.697527] Initializing cgroup subsys perf_event
[    0.698411] Initializing cgroup subsys net_prio
[    0.699285] Initializing cgroup subsys hugetlb
[    0.700135] Initializing cgroup subsys pids
[    0.703595] CPU: Physical Processor ID: 0
[    0.708109] CPU: Processor Core ID: 0
[    0.711686] mce: CPU supports 0 MCE banks
[    0.715138] Last level iTLB entries: 4KB 1024, 2MB 1024, 4MB 1024
[    0.716255] Last level dTLB entries: 4KB 1024, 2MB 1024, 4MB 1024, 1GB 4
[    0.717353] Spectre V2 : Mitigation: Full generic retpoline
[    0.718307] Spectre V2 : Speculation control IBPB not-supported IBRS not-supported
[    0.733626] Speculative Store Bypass: Vulnerable
[    0.737436] Freeing SMP alternatives memory: 32K
[    0.769778] ftrace: allocating 32245 entries in 126 pages
[    0.836636] smpboot: APIC(0) Converting physical 0 to logical package 0
[    0.839307] smpboot: Max logical packages: 1
[    0.840446] x2apic enabled
[    0.841332] Switched APIC routing to physical x2apic.
[    0.843424] ..TIMER: vector=0x30 apic1=0 pin1=2 apic2=-1 pin2=-1
[    0.950379] smpboot: CPU0: Intel(R) Core(TM) i5-4430 CPU @ 3.00GHz (family: 0x6, model: 0x3c, stepping: 0x3)
[    0.952354] Performance Events: unsupported p6 CPU model 60 no PMU driver, software events only.
[    0.954049] KVM setup paravirtual spinlock
[    0.955534] x86: Booting SMP configuration:
[    0.956315] .... node  #0, CPUs:      #1
[    0.957157] kvm-clock: cpu 1, msr 1:1ffef041, secondary cpu clock
[    1.006946] mce: CPU supports 0 MCE banks
[    1.024882]  #2
[    1.027797] kvm-clock: cpu 2, msr 1:1ffef081, secondary cpu clock
[    1.035706] mce: CPU supports 0 MCE banks
[    1.046383]  #3
[    1.048241] kvm-clock: cpu 3, msr 1:1ffef0c1, secondary cpu clock
[    1.059142] mce: CPU supports 0 MCE banks
[    1.066905] x86: Booted up 1 node, 4 CPUs
[    1.067882] smpboot: Total of 4 processors activated (24000.09 BogoMIPS)
[    1.069407] devtmpfs: initialized
[    1.072810] evm: security.selinux
[    1.073524] evm: security.SMACK64
[    1.074191] evm: security.SMACK64EXEC
[    1.074916] evm: security.SMACK64TRANSMUTE
[    1.075696] evm: security.SMACK64MMAP
[    1.076443] evm: security.ima
[    1.077072] evm: security.capability
[    1.078014] clocksource: jiffies: mask: 0xffffffff max_cycles: 0xffffffff, max_idle_ns: 7645041785100000 ns
[    1.079807] futex hash table entries: 1024 (order: 4, 65536 bytes)
[    1.081014] pinctrl core: initialized pinctrl subsystem
[    1.082057] RTC time: 22:14:09, date: 08/02/18
[    1.083773] NET: Registered protocol family 16
[    1.095649] cpuidle: using governor ladder
[    1.109306] cpuidle: using governor menu
[    1.110136] PCCT header not found.
[    1.110998] ACPI: bus type PCI registered
[    1.113038] acpiphp: ACPI Hot Plug PCI Controller Driver version: 0.5
[    1.114355] PCI: Using configuration type 1 for base access
[    1.129545] ACPI: Added _OSI(Module Device)
[    1.130399] ACPI: Added _OSI(Processor Device)
[    1.131311] ACPI: Added _OSI(3.0 _SCP Extensions)
[    1.132294] ACPI: Added _OSI(Processor Aggregator Device)
[    1.135950] ACPI: Executed 1 blocks of module-level executable AML code
[    1.145507] ACPI: Interpreter enabled
[    1.146309] ACPI: (supports S0 S5)
[    1.148698] ACPI: Using IOAPIC for interrupt routing
[    1.149824] PCI: Using host bridge windows from ACPI; if necessary, use "pci=nocrs" and report a bug
[    1.155621] ACPI: PCI Root Bridge [PCI0] (domain 0000 [bus 00-ff])
[    1.156721] acpi PNP0A03:00: _OSC: OS supports [ASPM ClockPM Segments MSI]
[    1.157907] acpi PNP0A03:00: _OSC: not requesting OS control; OS requires [ExtendedConfig ASPM ClockPM MSI]
[    1.159662] acpi PNP0A03:00: fail to add MMCONFIG information, can't access extended PCI configuration space under this bridge.
[    1.171394] PCI host bridge to bus 0000:00
[    1.172202] pci_bus 0000:00: root bus resource [io  0x0000-0x0cf7 window]
[    1.173408] pci_bus 0000:00: root bus resource [io  0x0d00-0xffff window]
[    1.174531] pci_bus 0000:00: root bus resource [mem 0x000a0000-0x000bffff window]
[    1.175967] pci_bus 0000:00: root bus resource [mem 0xe0000000-0xfdffffff window]
[    1.177367] pci_bus 0000:00: root bus resource [bus 00-ff]
[    1.180092] pci 0000:00:01.1: legacy IDE quirk: reg 0x10: [io  0x01f0-0x01f7]
[    1.181281] pci 0000:00:01.1: legacy IDE quirk: reg 0x14: [io  0x03f6]
[    1.182365] pci 0000:00:01.1: legacy IDE quirk: reg 0x18: [io  0x0170-0x0177]
[    1.183541] pci 0000:00:01.1: legacy IDE quirk: reg 0x1c: [io  0x0376]
[    1.262193] pci 0000:00:07.0: quirk: [io  0x4000-0x403f] claimed by PIIX4 ACPI
[    1.263663] pci 0000:00:07.0: quirk: [io  0x4100-0x410f] claimed by PIIX4 SMB
[    1.301827] ACPI: PCI Interrupt Link [LNKA] (IRQs 5 9 10 *11)
[    1.309799] ACPI: PCI Interrupt Link [LNKB] (IRQs 5 9 *10 11)
[    1.312722] ACPI: PCI Interrupt Link [LNKC] (IRQs 5 *9 10 11)
[    1.315526] ACPI: PCI Interrupt Link [LNKD] (IRQs 5 9 10 *11)
[    1.317343] ACPI: Enabled 2 GPEs in block 00 to 07
[    1.319693] vgaarb: setting as boot device: PCI:0000:00:02.0
[    1.320752] vgaarb: device added: PCI:0000:00:02.0,decodes=io+mem,owns=io+mem,locks=none
[    1.323361] vgaarb: loaded
[    1.323964] vgaarb: bridge control possible 0000:00:02.0
[    1.325123] SCSI subsystem initialized
[    1.325976] ACPI: bus type USB registered
[    1.326757] usbcore: registered new interface driver usbfs
[    1.329688] usbcore: registered new interface driver hub
[    1.333638] usbcore: registered new device driver usb
[    1.334763] PCI: Using ACPI for IRQ routing
[    1.339358] NetLabel: Initializing
[    1.340053] NetLabel:  domain hash size = 128
[    1.340857] NetLabel:  protocols = UNLABELED CIPSOv4
[    1.341748] NetLabel:  unlabeled traffic allowed by default
[    1.342813] amd_nb: Cannot enumerate AMD northbridges
[    1.344357] clocksource: Switched to clocksource kvm-clock
[    1.357450] AppArmor: AppArmor Filesystem Enabld[    1.407927] pnp: PnP ACPI init
[    1.432870] pnp: PnP ACPI: found 3 devices
[    1.443562] clocksource: acpi_pm: mask: 0xffffff max_cycles: 0xffffff, max_idle_ns: 2085701024 ns
[    1.445456] NET: Registered protoc family 2[    1.516075] TCP establishe hash table entries: 32768 (order: 6, 262144 byes)
[    1.587502] TCP bind hash table entries: 32768 (order: 7, 524288 bytes)
[    1.589732] TCP: Hash tables configured (established 32768 bind 32768)
[    1.590862] UDP hash table entries: 248 (order: 4, 65536 bytes)
[    1.614868] UDP-Lite hash table entries: 2048 (order: 4, 65536 bytes)
[    1.616046] NET: Registered protocol family 1
[    1.616933] pci 0000:00:00.0: Limiting direct PCI/PCI transfers
[    1.617963] pci 0000:00:01.0: Activating ISA DMhang workarunds
[    1.691430] Unpacking initramfs...

[    1.917583] Freeig initrd memory: 14792K
[    1.942172] PCI-DMA: Using software bounce buffering for IO (SWIOTLB)
[    1.943263] software IO TLB [mem 0xdbff0000-0xdfff0000] (64MB) mapped at [ffff8800dbff0000-ffff8800dffeffff]
[    1.944989] RAPL PMU detected, API unit is 2^-32 Joules, 4 fixed counters 10737418240 ms fl tme
[   2.041212] hw uniofdoai pp0-core 2^-0 Joules
[    2.184625] hw unit of doma package 2^-0 Joules
[    2.231888] hw unit of domain dram 2^-0 Joules[    2.278180] hw unit of man pp1-gpu 2^-0 Joules
[    2.372889] platform rtc_cmos: registered platform RTC device (no PNP device found)
[    2.374384] Scanning for low memory corruption every 60 seconds
[   2.375944] audit: nitializing netlink subsys (diabled)
[    2.448007] audit: type=2000 audit(15248054.77:1): initialized
[    2.519458] Initialise system trusted keyring

[    2.520855] HugeTLB registered 2 MB page size, pre-allocated 0 pages
[    2.523262] zbud: loaded
[    2.524210] VFS: Disk quotas dquot_6.6.0[    2.551997] VFS: Dquot-cache hash table entries: 512 (order 0, 4096 bytes)
[    2.576382] squashfs: version 4.0 (2009/01/31) Phillip Lougher
[    2.577758] fuse init (API version 7.23)
[    2.578688] Key type big_key registered
[    2.579569] Allocating IMA MOK and blacklist keyrings.

[    2.583756] Key type asymmetric registered
[    2.584639] Asymmetric key parser 'x509' registered
[    2.598048] Block layer SCSI generic (bsg) driver version 0.4 loaded (major 249)
[    2.601800] io scheduler noop registered
[    2.609905] io scheduler deadline registered (default)
[    2.622034] io scheduler cfq registered
[    2.630551] pci_hotplug: PCI Hot Plug PCI Core version: 0.5
[    2.631571] pciehp: PCI Express Hot Plug Controller Driver version: 0.4
[    2.641306] ACPI: AC Adapter [AC] (on-line)
[    2.649008] input: Power Button as /devices/LNXSYSTM:00/LNXPWRBN:00/input/input0
[    2.661011] ACPI: Power Button [PWRF]
[    2.663746] input: Sleep Button as /devices/LNXSYSTM:00/LNXSLPBN:00/input/input1
[    2.680390] ACPI: Sleep Button [SLPF]
[    2.686080] GHES: HEST is not enabled!
[    2.687084] Serial: 8250/16550 driver, 32 ports, IRQ sharing enabled
[    2.710330] 00:02: ttyS0 at I/O 0x3f8 (irq = 4, base_baud = 115200) is a 16550A
[    2.714244] Linux agpgart interface v0.103
[    2.719997] loop: module loaded
[    2.721379] scsi host0: ata_piix
[    2.725284] scsi host1: ata_piix
[    2.725984] ata1: PATA max UDMA/33 cmd 0x1f0 ctl 0x3f6 bmdma 0xd000 irq 14
[    2.727111] ata2: PATA max UDMA/33 cmd 0x170 ctl 0x376 bmdma 0xd008 irq 15
[    2.728346] libphy: Fixed MDIO Bus: probed
[    2.736406] tun: Universal TUN/TAP device driver, 1.6
[    2.745527] tun: (C) 1999-2004 Max Krasnyansky <maxk@qualcomm.com>
[    2.751973] PPP generic driver vrsion 2.4.2
[    2.776507] ehci_hcd: USB 2.0 'Enhanced' Host Controller (EHCI) Driver
[    2.777606]ehcici: EHC PCI platform driver
[    2.88821] ehc-patfor: EHCI generic platform driver
[    2.982267] ohci_hcd: USB 1.1 'Open' Host Controller (OHCI) Drive
[    3.006449] ohci-pci: OHCI PCI platform driver
[    3.007842] ohci-pci 0000:00:06.0: OHCI PCI host controller
[    3.008832] ohci-pci 0000:00:06.0: new USB bus registered, assigned bus number 1
[    3.010314] ohci-pci 0000:00:06.0: irq 22, io mem 0xf0804000

[    3.740404] tsc: Refined TSC clocksource calibration: 299750 MH
    3.8113] clocksource: tsc: mask: 0xffffffffffffffff max_cycls: 0x2b39a909bcc, max_idle_ns: 440795355251 ns
[    3.909268] usb usb1: New USB device found, idVendor=1d6b, idProduct=0001
[    3.910440] usb usb1: New USB device strings: Mfr=3, Product=2, SerialNumber=1
[    3.911805] usb usb1: Product: OHCI PCI host controller
[    3.912750] usb usb1: Manufacturer: Linux 4.4.0-131-generic ohci_hcd
[    3.913817] usb usb1: SerialNumber: 0000:00:06.0

[    3.91481] hub 1-0:1.0: USB hub fond
[    3.964191] hub 1-0:1.0: 12 ports etected
[   3.989179] ohci-platform: OHCI generic platform driver
[    4.013326] uhci_hcd: USB Universal Host Controller Interface driver
[    4.015038] xhci_hcd 0000:00:0c.0: xHCI Host Controller
[    4.016012] xhci_hcd 0000:00:0c.0: new USB bus registered, assigned bus number 2
[    4.018724] xhci_hcd 0000:00:0c.0: hcc params 0x04000000 hci version 0x100 quirks 0x0000b930
[    4.020431] usb usb2: New USB device found, idVendor=1d6b, idProduct=0002
[    4.021574] usb usb2: New USB device strings: Mfr=3, Product=2, SerialNumber=1
[    4.022921] usb usb2: Product: xHCI Host Controller
[    4.023781] usb usb2: Manufacturer: Linux 4.4.0-131-generic xhci-hcd
[    4.024871] usb usb2: SerialNumber: 0000:00:0c.0
[    4.025799] hub 2-0:1.0: USB hub found
[    4.026559] hub 2-0:1.0: 8 ports detected
[    4.027524] xhci_hcd 0000:00:0c.0: xHCI Host Controller
[    4.028453] xhci_hcd 0000:00:0c.0: new USB bus registered, assigned bus number 3
[    4.029930] usb usb3: New USB device found, idVendor=1d6b, idProduct=0003
[    4.031039] usb usb3: New USB device strings: Mfr=3, Product=2, SerialNumber=1
[    4.032386] usb usb3: Product: xHCI Host Controller
[    4.033270] usb usb3: Manufacturer: Linux 4.4.0-131-generic xhci-hcd
[    4.034318] usb usb3: SerialNumber: 0000:00:0c.0
[    4.035238] hub 3-0:1.0: USB hub found
[    4.036043] hub 3-0:1.0: 6 ports detected
[    4.037052] i8042: PNP: PS/2 Controller [PNP0303:PS2K,PNP0f03:PS2M] at 0x60,0x64 irq 1,12
[    4.038980] serio: i8042 KBD port at 0x60,0x64 irq 1
[    4.039866] serio: i8042 AUX port at 0x60,0x64 irq 12

[    4.041210] mousedev: PS/2 mouse device common for all mice
[    4.042726] rtc_cmos rtc_cmos: rtc core: registered rtc_cmos as rtc0
[    4.043978] rtc_cmos rtc_cmos: alarms up to one day, 114 bytes nvram
[    4.045148] input: AT Translated Set 2 keyboard as /devices/platform/i8042/serio0/input/input2
[    4.046762] i2c /dev entries driver
[    4.047604] device-mapper: uevent: version 1.0.3
[    4.048523] device-mapper: ioctl: 4.34.0-ioctl (2015-10-28) initialised: dm-devel@redhat.com
[    4.050082] ledtrig-cpu: registered to indicate activity on CPUs
[    4.051662] NET: Registered protocol family 10
[    4.061513] NET: Registered protocol family 17
[    4.062412] Key type dns_resolver registered
[    4.063497] registered taskstats version 1
[    4.064316] Loading compiled-in X.509 certificates
[    4.072964] Loaded X.509 cert 'Build time autogenerated kernel key: 8f274abdf49cd12572c1533a34d1eafea768213f'
[    4.077738] zswap: loaded using pool lzo/zbud
[    4.080849] Key type trusted registered
[    4.092577] Key type encrypted registered
[    4.103015] AppArmor: AppArmor sha1 policy hashing enabled
[    4.129292] ima: No TPM chip found, activating TPM-bypass!
[    4.139777] ima: Allocated hash algorithm: sha1
[    4.158402] evm: HMAC attrs: 0x1
[    4.165336]   Magic number: 14:663:248
[    4.172766] rtc_cmos rtc_cmos: setting system clock to 2018-08-02 22:14:12 UTC (1533248052)
[    4.177769] BIOS EDD facility v0.16 2004-Jun-25, 0 devices found
[    4.178872] EDD information not available.
[    4.180990] Freeing unused kernel memory: 1516K
[    4.213028] Write protecting the kernel read-only data: 14336k
[    4.741772] Freeing unused kernel memory: 1680K
[    5.081179] Freeing unused kernel memory: 96K
Loading, please wait...
starting version 229
[    5.094063] random: systemd-udevd: uninitialized urandom read (16 bytes read, 3 bits of entropy available)
[    5.094519] random: udevadm: uninitialized urandom read (16 bytes read, 3 bits of entropy available)
[    5.094535] random: udevadm: uninitialized urandom read (16 bytes read, 3 bits of entropy available)
[    5.102199] random: udevadm: uninitialized urandom read (16 bytes read, 3 bits of entropy available)
[    5.102235] random: udevadm: uninitialized urandom read (16 bytes read, 3 bits of entropy available)
[    5.102429] random: udevadm: uninitialized urandom read (16 bytes read, 3 bits of entropy available)
[    5.102468] random: udevadm: uninitialized urandom read (16 bytes read, 3 bits of entropy available)
[    5.102566] random: udevadm: uninitialized urandom read (16 bytes read, 3 bits of entropy available)
[    5.102616] random: udevadm: uninitialized urandom read (16 bytes read, 3 bits of entropy available)
[    5.102715] random: udevadm: uninitialized urandom read (16 bytes read, 3 bits of entropy available)
[    5.154037] e1000: Intel(R) PRO/1000 Network Driver - version 7.3.21-k8-NAPI
[    5.173501] e1000: Copyright (c) 1999-2006 Intel Corporation.
[    5.181195] Fusion MPT base driver 3.04.20
[    5.217266] Copyright (c) 1999-2008 LSI Corporation
[    5.238472] AVX2 version of gcm_enc/dec engaged.
[    5.239765] AES CTR mode by8 optimization enabled
[    5.240265] Fusion MPT SPI Host driver 3.04.20
[    5.449279] input: ImExPS/2 Generic Explorer Mouse as /devices/platform/i8042/serio1/input/input4
[    5.582956] e1000 0000:00:03.0 eth0: (PCI:33MHz:32-bit) 02:51:ce:62:00:80
[    5.584198] e1000 0000:00:03.0 eth0: Intel(R) PRO/1000 Network Connection
[    5.593492] mptbase: ioc0: Initiating bringup
[    5.594980] e1000 0000:00:03.0 enp0s3: renamed from eth0
[    5.657143] ioc0: LSI53C1030 A0: Capabilities={Initiator}
[    5.842098] scsi host2: ioc0: LSI53C1030 A0, FwRev=00000000h, Ports=1, MaxQ=256, IRQ=20
[    5.953585] scsi 2:0:0:0: Direct-Access     VBOX     HARDDISK         1.0  PQ: 0 ANSI: 5
[    5.955135] scsi target2:0:0: Beginning Domain Validation
[    6.191529] scsi target2:0:0: Domain Validation skipping write tests
[    6.200596] scsi target2:0:0: Ending Domain Validation
[    6.201672] scsi target2:0:0: asynchronous
[    6.209653] scsi 2:0:1:0: Direct-Access     VBOX     HARDDISK         1.0  PQ: 0 ANSI: 5
[    6.217701] scsi target2:0:1: Beginning Domain Validation
[    6.220328] scsi target2:0:1: Domain Validation skipping write tests
[    6.228247] scsi target2:0:1: Ending Domain Validation
[    6.229291] scsi target2:0:1: asynchronous
[    6.237325] sd 2:0:0:0: [sda] 41943040 512-byte logical blocks: (21.5 GB/20.0 GiB)
[    6.237381] sd 2:0:0:0: Attached scsi generic sg0 type 0
[    6.237840] sd 2:0:1:0: Attached scsi generic sg1 type 0
[    6.239784] sd 2:0:1:0: [sdb] 20480 512-byte logical blocks: (10.5 MB/10.0 MiB)
[    6.242332] sd 2:0:1:0: [sdb] Write Protect is off
[    6.242358] sd 2:0:0:0: [sda] Write Protect is off
[    6.242458] sd 2:0:0:0: [sda] Incomplete mode parameter data
[    6.242459] sd 2:0:0:0: [sda] Assuming drive cache: write through
[    6.261499]  sda: sda1
[    6.262192] sd 2:0:0:0: [sda] Attached SCSI disk
[    6.277375] sd 2:0:1:0: [sdb] Incomplete mode parameter data
[    6.278375] sd 2:0:1:0: [sdb] Assuming drive cache: write through
[    6.281654] sd 2:0:1:0: [sdb] Attached SCSI disk
Begin: Loading essential drivers ... [    7.614577] md: linear personality registered for level -1
[    7.618523] md: multipath personality registered for level -4
[    7.623259] md: raid0 personality registered for level 0
[    7.633363] md: raid1 personality registered for level 1
[    7.704769] raid6: sse2x1   gen()  8850 MB/s
[    7.772824] raid6: sse2x1   xor()  6948 MB/s
[    7.840395] raid6: sse2x2   gen() 10010 MB/s
[    7.916846] raid6: sse2x2   xor()  7623 MB/s
[    7.988972] raid6: sse2x4   gen() 12737 MB/s
[    8.056693] raid6: sse2x4   xor()  9070 MB/s
[    8.144564] raid6: avx2x1   gen() 16948 MB/s
[    8.228442] raid6: avx2x2   gen() 19754 MB/s
[    8.296654] raid6: avx2x4   gen() 23363 MB/s
[    8.301445] raid6: using algorithm avx2x4 gen() 23363 MB/s
[    8.305320] raid6: using avx2x2 recovery algorithm
[    8.307634] xor: automatically using best checksumming function:
[    8.360729]    avx       : 26234.000 MB/sec
[    8.366061] async_tx: api initialized (async)
[    8.386247] md: raid6 personality registered for level 6
[    8.401584] md: raid5 personality registered for level 5
[    8.405327] md: raid4 personality registered for level 4
[    8.422335] md: raid10 personality registered for level 10
done.
Begin: Running /scripts/init-premount ... done.
Begin: Mounting root file system ... Begin: Running /scripts/lo[    8.450584] Btrfs loaded
cal-top ... done.
Begin: Running /scripts/local-premount ... Scanning for Btrfs filesystems
done.
Warning: fsck no[    8.478630] EXT4-fs (sda1): mounted filesystem with ordered data mode. Opts: (null)
t present, so skipping root file system
done.
Begin: Running /scripts/local-bottom ... done.
Begin: Running /scripts/init-bottom ... done.
[    8.558779] systemd[1]: systemd 229 running in system mode. (+PAM +AUDIT +SELINUX +IMA +APPARMOR +SMACK +SYSVINIT +UTMP +LIBCRYPTSETUP +GCRYPT +GNUTLS +ACL +XZ -LZ4 +SECCOMP +BLKID +ELFUTILS +KMOD -IDN)
[    8.561964] systemd[1]: Detected virtualization oracle.
[    8.562955] systemd[1]: Detected architecture x86-64.

Welcome to [1mUbuntu 16.04.5 LTS[0m!

[    8.566266] systemd[1]: Set hostname to <ubuntu>.
[    8.569826] systemd[1]: Initializing machine ID from random generator.
[    8.571030] systemd[1]: Installed transient /etc/machine-id file.
[    8.691794] systemd[1]: Listening on Journal Audit Socket.
[[0;32m  OK  [0m] Listening on Journal Audit Socket.
[    8.693751] systemd[1]: Reached target User and Group Name Lookups.
[[0;32m  OK  [0m] Reached target User and Group Name Lookups.
[    8.695812] systemd[1]: Listening on udev Control Socket.
[[0;32m  OK  [0m] Listening on udev Control Socket.
[    8.697688] systemd[1]: Listening on Syslog Socket.
[[0;32m  OK  [0m] Listening on Syslog Socket.
[    8.699361] systemd[1]: Reached target System Time Synchronized.
[[0;32m  OK  [0m] Reached target System Time Synchronized.
[    8.758408] systemd[1]: Listening on LV2 poll daemon ocet.
[[0;32m  OK  [0m] Listening on LVM2 poll daemon socket.
[    8.847353] ssted[1]: Listenig n Journal Socket.
[[0;32m  OK  [0m] Listening on Journal Socket.
[    9.071929] systemd[1]: Created slice User and Session Slice.
[[0;32m  OK  [0m] Created slice User and Session Slice.
[   .10486] systemd[1]: Set up automount Arbitrary Executable File Formats File System Automount Point.
[[0;32m  OK  [0m] Set up automount Arbitrary Executab...ats File System Automount Point.
[   9.2819] systemd[1]: Reachd target Encrypted Volumes.
[[0;32m  OK  [0m] Reached target Encrypted Volumes.
[    9.644857] systemd[1]: Listening on udev Kernel Socket.
[[0;32m  OK  [0m] Listening on udev Kernel Socket.
[   9.673139] systemd[1]: Started Trigger reslvconf update for networkd DNS.
[[0;32m  OK  [0m] Started Trigger resolvconf update for networkd DNS.
[    9.741896] systemd[1]: Reached target Swap.
[[0;32m  OK  [0m] Reached target Swap.
[    9.753263] systemd[1]: Listening on LVM2 metadata daemon socket.
[[0;32m  OK  [0m] Listening on LVM2 metadata daemon socket.
[    9.755281] systemd[1]: Listening on /dev/initctl Compatibility Named Pipe.
[[0;32m  OK  [0m] Listening on /dev/initctl Compatibility Named Pipe.
[    9.757489] systemd[1]: Listening on Device-mapper event daemon FIFOs.
[[0;32m  OK  [0m] Listening on Device-mapper event daemon FIFOs.
[    9.759699] systemd[1]: Listening on Journal Socket (/dev/log).
[[0;32m  OK  [0m] Listening on Journal Socket (/dev/log).
[    9.762135] systemd[1]: Created slice System Slice.
[[0;32m  OK  [0m] Created slice System Slice.
[    9.778336] systemd[1]: Starting Nameserver information manager...
         Starting Nameserver information manager...
[    9.814026] systemd[1]: Starting Set console keymap...
         Starting Set console keymap...
[    9.842362] systemd[1]: Mounting POSIX Message Queue File System...
         Mounting POSIX Message Queue File System...
[    9.857166] systemd[1]: Starting Journal Service...
         Starting Journal Service...
[    9.891157] systemd[1]: Starting Monitoring of LVM2 mirrors, snapshots etc. using dmeventd or progress polling...
         Starting Monitoring of LVM2 mirrors... dmeventd or progress polling...
[    9.906833] systemd[1]: Starting Uncomplicated firewall...
         Starting Uncomplicated firewall...
[    9.916116] systemd[1]: Starting Remount Root and Kernel File Systems...
[    9.920200] EXT4-fs (sda1): re-mounted. Opts: (null)
         Starting Remount Root and Kernel File Systems...
[    9.925832] systemd[1]: Starting Load Kernel Modules...
[    9.933534] Loading iSCSI transport class v2.0-870.
         Starting Load Kernel Modules...
[    9.935695] systemd[1]: Mounting Debug File System...
         Mounting Debug File System...
[    9.949761] systemd[1]: Reached target Slices.
[[0;32m  OK  [0m] Reached target Slices.
[    9.958903] systemd[1]: Starting Create list of required static device nodes for the current kernel...
         Starting Create list of required st... nodes for the current kernel...
[    9.967359] iscsi: registered transport (tcp)
[    9.967435] systemd[1]: Started Forward Password Requests to Wall Directory Watch.
[[0;32m  OK  [0m] Started Forward Password Requests to Wall Directory Watch.
[    9.979118] systemd[1]: Mounting Huge Pages File System...
         Mounting Huge Pages Fil[   10.002533] iscsi: registered transport (iser)
e System...
[   10.017604] systemd[1]: Created slice system-serial\x2dgetty.slice.
[[0;32m  OK  [0m] Created slice system-serial\x2dgetty.slice.
[   10.054050] systemd[1]: Mounted POSIX Message Queue File System.
[[0;32m  OK  [0m] Mounted POSIX Message Queue File System.
[   10.056142] systemd[1]: Mounted Huge Pages File System.
[[0;32m  OK  [0m] Mounted Huge Pages File System.
[   10.073117] systemd[1]: Mounted Debug File System.
[[0;32m  OK  [0m] Mounted Debug File System.
[   10.074943] systemd[1]: Started Journal Service.
[[0;32m  OK  [0m] Started Journal Service.
[[0;32m  OK  [0m] Started Set console keymap.
[[0;32m  OK  [0m] Started Uncomplicated firewall.
[[0;32m  OK  [0m] Started Remount Root and Kernel File Systems.
[[0;32m  OK  [0m] Started Load Kernel Modules.
[[0;32m  OK  [0m] Started Create list of required sta...ce nodes for the current kernel.
[[0;32m  OK  [0m] Started Nameserver information manager.
[[0;32m  OK  [0m] Started LVM2 metadata daemon.
         Starting Create Static Device Nodes in /dev...
         Starting Apply Kernel Variables...
         Mounting FUSE Control File System...
         Starting udev Coldplug all Devices...
         Starting Load/Save Random Seed...
         Starting Flush Journal to Persistent Storage...
[[0;32m  OK  [0m] Mounted FUSE Control File System.
[[0;32m  OK  [0m] Started Monitoring of LVM2 mirrors,...ng dmeventd or progress polling.
[[0;32m  OK  [0m] Started Create Static Device Nodes in /dev.
[[0;32m  OK  [0m] Started Apply Kernel Variables.
[[0;32m  OK  [0m] Started Load/Save Random Seed.
[[0;32m  OK  [0m] Started udev Coldplug all Devices.
[[0;32m  OK  [0m] Started Flush Journal to Persistent Storage.
         Starting udev Kernel Device Manager...
[[0;32m  OK  [0m] Started udev Kernel Device Manager.
[[0;32m  OK  [0m] Reached target Local File Systems (Pre).
[[0;32m  OK  [0m] Reached target Local File Systems.
         Starting LSB: AppArmor initialization...
         Starting Create Volatile Files and Directories...
         Starting Set console font and keymap...
         Starting Tell Plymouth To Write Out Runtime Data...
         Starting Commit a transient machine-id on disk...
         Starting Initial cloud-init job (pre-networking)...
[[0;32m  OK  [0m] Started Dispatch Password Requests to Console Directory Watch.
[[0;32m  OK  [0m] Started Create Volatile Files and Directories.
[[0;32m  OK  [0m] Started Tell Plymouth To Write Out Runtime Data.
[[0;32m  OK  [0m] Started Commit a transient machine-id on disk.
[[0;32m  OK  [0m] Started Set console font and keymap.
[[0;32m  OK  [0m] Found device /dev/ttyS0.
[[0;32m  OK  [0m] Listening on Load/Save RF Kill Switch Status /dev/rfkill Watch.
[[0;32m  OK  [0m] Created slice system-getty.slice.
         Starting Update UTMP about System Boot/Shutdown...
[[0;32m  OK  [0m] Started Update UTMP about System Boot/Shutdown.
[[0;32m  OK  [0m] Started LSB: AppArmor initialization.
[   11.254324] cloud-init[651]: Cloud-init v. 18.2 running 'init-local' at Thu, 02 Aug 2018 22:14:20 +0000. Up 11.04 seconds.
[[0;32m  OK  [0m] Started Initial cloud-init job (pre-networking).
[[0;32m  OK  [0m] Reached target Network (Pre).
         Starting Raise network interfaces...
[[0;32m  OK  [0m] Started Raise network interfaces.
         Starting Initial cloud-init job (metadata service crawler)...
[[0;32m  OK  [0m] Reached target Network.
[   12.343769] cloud-init[944]: Cloud-init v. 18.2 running 'init' at Thu, 02 Aug 2018 22:14:20 +0000. Up 11.79 seconds.
[   12.422625] cloud-init[944]: [ci-info: ++++++++++++++++++++++++++++++++++++Net device info+++++++++++++++++++++++++++++++++++++[0;32m  OK  [0m
] Started Initial cloud-init job (metadata service crawler).
[   12.422887] cloud-init[944]: ci-info: +--------+------+--------------------------+---------------+-------+-------------------+
[   12.526627] [cloud-init[0;32m  OK  [0m[944]: ] ci-info: | Device |  Up  |         Address          |      Mask     | Scope |     Hw-Address    |Reached target Network is Online.

[   12.526890] cloud-init[944]: ci-info: +--------+------+--------------------------+---------------+-------+-------------------+
[   12.629075]          cloud-initStarting iSCSI initiator daemon (iscsid)...[944]: 
ci-info: | enp0s3 | True |        10.0.2.15         | 255.255.255.0 |   .   | 02:51:ce:62:00:80 |
[   12.631173] [cloud-init[0;32m  OK  [0m[944]: ] ci-info: | enp0s3 | True | fe80::51:ceff:fe62:80/64 |       .       |  link | 02:51:ce:62:00:80 |Reached target Cloud-config availability.

[   12.631436] [cloud-init[0;32m  OK  [0m[944]: ] ci-info: |   lo   | True |        127.0.0.1         |   255.0.0.0   |   .   |         .         |Reached target System Initialization.

[   12.669277] [cloud-init[0;32m  OK  [0m[944]: ] ci-info: |   lo   | True |         ::1/128          |       .       |  host |         .         |Listening on D-Bus System Message Bus Socket.

[   12.669525]          cloud-initStarting Socket activation for snappy daemon.[944]: 
ci-info: +--------+------+--------------------------+---------------+-------+-------------------+
[   12.679404] [cloud-init[0;32m  OK  [0m[944]: ] ci-info: +++++++++++++++++++++++++++Route IPv4 info++++++++++++++++++++++++++++Started ACPI Events Check.

[   12.679697] [cloud-init[0;32m  OK  [0m[944]: ] ci-info: +-------+-------------+----------+---------------+-----------+-------+Reached target Paths.

[   12.760683] [cloud-init[0;32m  OK  [0m[944]: ] ci-info: | Route | Destination | Gateway  |    Genmask    | Interface | Flags |Listening on ACPID Listen Socket.

[   12.760942] [cloud-init[0;32m  OK  [0m[944]: ] ci-info: +-------+-------------+----------+---------------+-----------+-------+Started Daily Cleanup of Temporary Directories.

[   12.920660] [cloud-init[0;32m  OK  [0m[944]: ] ci-info: |   0   |   0.0.0.0   | 10.0.2.2 |    0.0.0.0    |   enp0s3  |   UG  |Listening on UUID daemon activation socket.

[   12.929853]          cloud-initStarting LXD - unix socket.[944]: 
ci-info: |   1   |   10.0.2.0  | 0.0.0.0  | 255.255.255.0 |   enp0s3  |   U   |
[   12.967570] [cloud-init[0;32m  OK  [0m[944]: ] ci-info: +-------+-------------+----------+---------------+-----------+-------+Started Daily apt download activities.

[[   12.967855] [0;32m  OK  [0mcloud-init] [944]: Started Daily apt upgrade and clean activities.Generating public/private rsa key pair.

[   13.052554] [cloud-init[0;32m  OK  [0m[944]: ] Your identification has been saved in /etc/ssh/ssh_host_rsa_key.Reached target Timers.

[   13.108681] [cloud-init[0;32m  OK  [0m[944]: ] Your public key has been saved in /etc/ssh/ssh_host_rsa_key.pub.Listening on Socket activation for snappy daemon.

[   13.109047] cloud-init[944]: The key fingerprint is:
[   13.153056] [cloud-init[0;32m  OK  [0m[944]: ] SHA256:2YNbNRjSkVXw/NzWGkoQGdI2rK5I1c2yRSRsRjUn+vI root@ubuntu-xenialListening on LXD - unix socket.

[[   13.153337] [0;32m  OK  [0mcloud-init] [944]: Started iSCSI initiator daemon (iscsid).The key's randomart image is:

[   13.299300] cloud-init[944]: +---[RSA 2048]----+
[   13.301632] cloud-init[944]: |       o=*X*+o.  |
[   13.302592] cloud-init[944]: |        +=XB o   |
[   13.327947]          cloud-initStarting Login to default iSCSI targets...[944]: 
|       +.*o.o o  |
[   13.329750] [cloud-init[0;32m  OK  [0m[944]: ] |      . +=+o . oo|Reached target Sockets.

[[   13.330032] [0;32m  OK  [0mcloud-init] [944]: Reached target Basic System.|     . .S+= . . *|

[   13.360280] cloud-init[944]: |    .   o= o . + |
         Starting Apply the settings specified in cloud-config...
[   13.360583] cloud-init[944]: |   . . .. E . .  |
[   13.400059]          cloud-initStarting System Logging Service...[944]: 
|    . .          |
[   13.416834] cloud-init[944]: |                 |
[   13.417842] cloud-init[944]: +----[SHA256]-----+
         Starting Virtualbox guest utils...
[   13.427520] cloud-init[944]: Generating public/private dsa key pair.
[   13.487675] cloud-init[944]: Your identification has been saved in /etc/ssh/ssh_host_dsa_key.
[   13.489242]          cloud-initStarting /etc/rc.local Compatibility...[944]: 
Your public key has been saved in /etc/ssh/ssh_host_dsa_key.pub.
[   13.549220] cloud-init[944]: [The key fingerprint is:[0;32m  OK  [0m
] Started ACPI event daemon.
[   13.549597] cloud-init[944]: SHA256:EDYztNcMKaeRMv8bq6yvS2wDMbnAb8qYAw6/KUZPliM root@ubuntu-xenial
[   13.612034] cloud-init[944]: The key's randomart image is:
[   13.657544]          cloud-initStarting Accounts Service...[944]: 
+---[DSA 1024]----+
[   13.711010]          cloud-initStarting Pollinate to seed the pseudo random number generator...[944]: 
|     .B...       |
[   13.734800] [cloud-init[944]: |.  .o.+*o+       |
[0;32m  OK  [0m] Started Deferred execution scheduler.
[   13.736184] cloud-init[944]: |..+  +o=. o      |
[   13.780784] cloud-init[944]: | ..+  oo         |
[   13.781880] cloud-init[944]: |o oo.  .S        |
[   13.821030]          cloud-initStarting LSB: Record successful boot for GRUB...[944]: 
|*EoB    o        |
[[0;32m  OK  [0m] Started D-Bus System Message Bus.
[   13.826327] cloud-init[944]: |=+* *    +       |
[   13.855265] cloud-init[944]: |.o * o  o        |
[   13.855567] cloud-init[944]: |..o +=+.         |
         Starting Snappy daemon...
[   13.855973] cloud-init[944]: +----[SHA256]-----+
[   13.914958] [[0;32m  OK  [0m] Started Unattended Upgrades Shutdown.
cloud-init[944]: Generating public/private ecdsa key pair.
         [   13.962439] cloud-init[944]: Your identification has been saved in /etc/ssh/ssh_host_ecdsa_key.Starting LXD - container startup/shutdown...

[   13.963601] cloud-init[944]: Your public key has been saved in /etc/ssh/ssh_host_ecdsa_key.pub.
[   14.028128] cloud-init[944]: The key fingerprint is:
[   14.028352] cloud-init[944]: SHA256:VI/kfqRxmczvXEhMoWCflIEic3mUs45uC13TkQbYCIg root@ubuntu-xenial
         Starting Login Service...
[   14.029072] cloud-init[944]: The key's randomart image is:
[   14.129750] cloud-init[944]: +---[ECDSA 256]---+
[   14.130924] cloud-init[944]: |   . ... *Boooo. |
[   14.133105] cloud-init[944]: |  E . o *=*X.O   |
[   14.136262] cloud-init[944]: |       +.o+o/ o  |
[   14.140196] cloud-init[944]: |       . ..B + . |
[   14.168774] cloud-init[944]: |        So= o o .|
[   14.169066] [cloud-init[0;32m  OK  [0m[944]: ] |       ....o o . |Started FUSE filesystem for LXC.

[   14.169358] cloud-init[944]: |      ...     o  |
[   14.255980] cloud-init[944]: |       .o        |
[   14.292269] cloud-init[944]: |       ...       |
[   14.292624] cloud-init[944]: +----[SHA256]-----+
         Starting LSB: MD monitoring daemon...
[   14.292757] cloud-init[944]: Generating public/private ed25519 key pair.
[   14.334447] cloud-init[944]: Your identification has been saved in /etc/ssh/ssh_host_ed25519_key.
[   14.336033] cloud-init[944]: Your public key has been saved in /etc/ssh/ssh_host_ed25519_key.pub.
[   14.337878] cloud-init[944]: The key fingerprint is:
[   14.361441] cloud-init[944]: SHA256:/crE0sa2veIqFgOCxIIyRfa8X/DPvHlyc9pf79gDOBc root@ubuntu-xenial
[   14.410350] cloud-init[944]: The key's randomart image is:
[   14.410623] cloud-init[944]: +--[ED25519 256]--+
[[0;32m  OK  [0m] Started Regular background program processing daemon.
[   14.411997] cloud-init[944]: |oo+              |
[   14.512259] cloud-init[944]: |=+ o             |
[[   14.560509] cloud-init[944]: |+o  o .          |
[   14.561057] cloud-init[944]: |. . .. o .   E   |
[0;32m  OK  [0m] Started System Logging Service.
[   14.562500] cloud-init[944]: |   ...  S . . .  |
[[   14.605782] cloud-init[944]: |     .o. B + o   |
[0;32m  OK  [0m] Started Snappy daemon.
[   14.606130] cloud-init[944]: |      .o. @ + . .|
[[   14.619241] cloud-init[944]: |      o  *o*+..+o|
[0;32m  OK  [0m] Started /etc/rc.local Compatibility.
[   14.619737] cloud-init[944]: |     . ..oB=+=oo*|
[[   14.680032] cloud-init[944]: +----[SHA256]-----+
[0;32m  OK  [0m] Started Pollinate to seed the pseudo random number generator.
[   14.682351] cloud-init[1044]: Generating locales (this might take a while)...
[[   14.729850] cloud-init[1044]:   en_US.UTF-8... done
[0;32m  OK  [0m] Started LXD - container startup/shutdown.
[   14.730353] cloud-init[1044]: Generation complete.
[[0;32m  OK  [0m] Started Login to default iSCSI targets.
[[0;32m  OK  [0m] Started LSB: Record successful boot for GRUB.
[[0;32m  OK  [0m] Started Virtualbox guest utils.
         Starting Authenticate and Authorize Users to Run Privileged Tasks...
[[0;32m  OK  [0m] Reached target Remote File Systems (Pre).
[[0;32m  OK  [0m] Reached target Remote File Systems.
         Starting Permit User Sessions...
[   15.006970] cloud-init[1044]: Cloud-init v. 18.2 running 'modules:config' at Thu, 02 Aug 2018 22:14:22 +0000. Up 13.63 seconds.
         Starting LSB: daemon to balance interrupts for SMP systems...
         Starting LSB: automatic crash report generation...
         Starting LSB: Set the CPU Frequency Scaling governor to "ondemand"...
         Starting OpenBSD Secure Shell server...
         Starting Wait until snapd is fully seeded...
[[0;32m  OK  [0m] Started OpenBSD Secure Shell server.
[[0;32m  OK  [0m] Started Apply the settings specified in cloud-config.
[[0;32m  OK  [0m] Started LSB: MD monitoring daemon.
[[0;32m  OK  [0m] Started Permit User Sessions.
[[0;32m  OK  [0m] Started Wait until snapd is fully seeded.
[[0;32m  OK  [0m] Started Login Service.
[[0;32m  OK  [0m] Started Authenticate and Authorize Users to Run Privileged Tasks.
[[0;32m  OK  [0m] Started Accounts Service.
         Starting Hold until boot process finishes up...
         Starting Terminate Plymouth Boot Screen...
[[0;32m  OK  [0m] Started LSB: daemon to balance interrupts for SMP systems.
[[0;32m  OK  [0m] Started LSB: automatic crash report generation.
[[0;32m  OK  [0m] Started LSB: Set the CPU Frequency Scaling governor to "ondemand".
[[0;32m  OK  [0m] Started Hold until boot process finishes up.
[[0;32m  OK  [0m] Started Terminate Plymouth Boot Screen.
[[0;32m  OK  [0m] Started Serial Getty on ttyS0.
         Starting Set console scheme...
[[0;32m  OK  [0m] Started Getty on tty1.
[[0;32m  OK  [0m] Reached target Login Prompts.
[[0;32m  OK  [0m] Reached target Multi-User System.
[[0;32m  OK  [0m] Reached target Graphical Interface.
         Starting Execute cloud user/final scripts...
         Starting Update UTMP about System Runlevel Changes...
[[0;32m  OK  [0m] Started Set console scheme.
[[0;32m  OK  [0m] Started Update UTMP about System Runlevel Changes.
ci-info: no authorized ssh keys fingerprints found for user ubuntu.
<14>Aug  2 22:14:24 ec2: 
<14>Aug  2 22:14:24 ec2: #############################################################
<14>Aug  2 22:14:24 ec2: -----BEGIN SSH HOST KEY FINGERPRINTS-----
<14>Aug  2 22:14:24 ec2: 1024 SHA256:EDYztNcMKaeRMv8bq6yvS2wDMbnAb8qYAw6/KUZPliM root@ubuntu-xenial (DSA)
<14>Aug  2 22:14:24 ec2: 256 SHA256:VI/kfqRxmczvXEhMoWCflIEic3mUs45uC13TkQbYCIg root@ubuntu-xenial (ECDSA)
<14>Aug  2 22:14:24 ec2: 256 SHA256:/crE0sa2veIqFgOCxIIyRfa8X/DPvHlyc9pf79gDOBc root@ubuntu-xenial (ED25519)
<14>Aug  2 22:14:24 ec2: 2048 SHA256:2YNbNRjSkVXw/NzWGkoQGdI2rK5I1c2yRSRsRjUn+vI root@ubuntu-xenial (RSA)
<14>Aug  2 22:14:24 ec2: -----END SSH HOST KEY FINGERPRINTS-----
<14>Aug  2 22:14:24 ec2: #############################################################
-----BEGIN SSH HOST KEY KEYS-----
ecdsa-sha2-nistp256 AAAAE2VjZHNhLXNoYTItbmlzdHAyNTYAAAAIbmlzdHAyNTYAAABBBE44MM3EHt5sYowI6Y0O9hnPAbcyNhV++nLhhqns5gMM/nL3RY9IFF/sDby3O4RLrAOhIz5hA+EiJhOkPivveP0= root@ubuntu-xenial
ssh-ed25519 AAAAC3NzaC1lZDI1NTE5AAAAIHVjYrXXFSdluXvqo1lHxqLNqOMqnBsvoSbOUzoZauDP root@ubuntu-xenial
ssh-rsa AAAAB3NzaC1yc2EAAAADAQABAAABAQDrOJvKmSwwMl0LI0l8J5lFy2NfK3e6ZjQ5VQlLzz+7pPQB/Y7QrjHsjSsJZHlpiNLgstz1WCkUXHV0jbZqc/3rb+hrFpw/ylOMG2nNePk67S+J9Q9t+xsQbuCkdnh1qqG+jLLwNtgqliKs3FCFsN2Aouk7K2jzieiW3SHvEBECavwe+SELWLBlNctnJf4gFUqARIITKeOk7mh6QtK98uZ+T32uJioGtNoSVssld0DocXdFuuWMj9OpqBkPtJ8l0bFNrSKOFryKmyyGDcQgnVwmTA0Buodj9JETw9m7TQ2y0/BqguSgTtQllf3ppx2b8KpOysxu98FbBVm/w0Jo7IWL root@ubuntu-xenial
-----END SSH HOST KEY KEYS-----
[   15.801799] cloud-init[1299]: Cloud-init v. 18.2 running 'modules:final' at Thu, 02 Aug 2018 22:14:24 +0000. Up 15.62 seconds.
[   15.864137] [[0;32m  OK  [0m] Started Execute cloud user/final scripts.
cloud-init[1299]: ci-info: no authorized ssh keys fingerprints found for user ubuntu.
[[   15.924215] [0;32m  OK  [0mcloud-init] [1299]: Reached target Cloud-init target.Cloud-init v. 18.2 finished at Thu, 02 Aug 2018 22:14:24 +0000. Datasource DataSourceNoCloud [seed=/dev/sdb][dsmode=net].  Up 15.79 seconds


Ubuntu 16.04.5 LTS ubuntu-xenial ttyS0

ubuntu-xenial login: ATQ0 V1 E1ATQ0 V1 E1ATQ0 V1 E1         Stopping ACPI event dae         Stopping e         Stoppin  n         Stoppin         Stopping LXD - container startup/shutdown...
         Stoppin         Sn  n         Stopping Virtuae  n         Stopping Accounts Service...
         Stoppin  n         Stoppin[[[[0;32m  OK  [[[0;32m  OK  [[[0;32m  OK  [0m] Stopped Defe[[0;32m  OK  [0m] Stopped Snappy daemon.
[[0;32m  OK  [0m] Stopped Getty on tty1.
[[0;32m  OK  [[[0;32m  OK  [[[0;32m  OK  [0m] Stopped D-Bu[[0;32m  OK  [[[0;32m  OK  [0m] Stopped Make[[0;32m  OK  [[[0;32m  OK  [[[0;32m  OK  [0m] Stopp:[[0;32m  OK  [0m] Stopped :[[[[0;32m  OK  [0m] Stopped LSB: Set the CPU Frequency Scaling governor to "ondemand".
[[0;32m  OK  [0m] Stopped FUSE filesystem for LXC.
[[[[0;32m  OK  [0m] Removed slice User Slice of vagrant.
[[0;32m  OK[[[0;32m  OK  [0m] Removed slice system-getty.s[[0;32m  OK  [0m] Stopped /etc/rc.local Compatibility.
[[0;32m  OK  [0m] Removed slice system-serial\         Stopping Permit User Sessions...
[[0;32m  OK  [[[0;32m  OK  [[[0;3[[[0;32m  K  [[         Stn[[0;32m  OK  [[[0;3[[[0;32m  OK  [0m] Stopped targ[[0;32m  OK  [0m] Closed Docke[[0;32m  OK  [0m] Closed D-Bus System Message Bus Socket.
[[0;32m  OK  [[[0;32m  OK  [[[0;32m  OK  [0m] Closed LXD -[[0;32m [[[0;32m  OK  [0m] Closed ACPID[[0;32m  OK  [[[0;32m  OK  [0m] Stopped targ[[0;32m  OK  [0m] Removed slic[[0;32m  OK  [0m] Stopped targ[[0;32m  OK  [0m] Stopped Dispa[[0;32m  OK  [[[0;32m  OK  [[[0;32m  OK  [         Stoppin[[0;32m  OK  [[[0;32m  OK  [[[0;32m  OK  [[[0;32m  OK  [[[0;32m  OK  [0m] Stopped Load[[0;32m  OK  [         Stoppn[[0;32m  OK  [0m] Stopped iSCS[[[[0;32m  OK  [0m] Stopped target Network.
[[0;32m  OK[       n[[0;32m  OK  [0m] Stopped Rais[[0;32m  OK  [[[0;32m  OK  [[[0;32m  OK  [0m] Stopped tg[[0;32m  OK  [0m] Stopped Init[[0;32m  OK  [       t  t[[0;32m  OK  [[[0;32m  OK  [[[0;32m[[[0;32m  OK  [0m] Stopped targ[[0;32m  OK  [0m] Stopped Crea[[0;32m  OK  [0m] Stopped Remo[[0;32m  OK  [0m] Reached targ[  998.895605] reboot: Restarting system
[    0.000000] Initializing cgroup subsys cpuset
[    0.000000] Initializing cgroup subsys cpu
[    0.000000] Initializin croup subsys cpuacct
[    0.000000] Linux version 4.4.0-131-generic (buildd@lgw01-amd64-015) (gcc version 5.4.0 20160609 (Ubuntu 5.4.0-6ubuntu1~16.04.10) ) #157-Ubuntu SMP Thu Jul 12 15:51:36 UTC 2018 (Ubuntu 4.4.0-131.157-generic 4.4.134)
[    0.000000] Commnd line: BOOT_IMAGE=/boot/vmlinuz-4.4.0-131-generic root=UUID=a046bbc1-14c9-4b18-8491-4f9a2946484c ro console=tty1 console=ttyS0
[    0.000000] KERNEL supported cpus:
[    0.000000]   Intel GenuineIntel
[    0.000000]   AMD AuthenticAMD
[    0.000000]   Centaur CentaurHauls
[    0.000000] x86/fpu: xstate_offset[2]:  576, xstate_sizes[2]:  256
[    0.000000] x86/fpu: Supporting XSAVE feature 0x01: 'x87 floating point registers'
[    0.000000] x86/fpu: Supporting XSAVE feature 0x02: 'SSE registers'
[    0.000000] x86/fpu: Supporting XSAVE feature 0x04: 'AVX registers'
[    0.000000] x86/fpu: Enabled xstate features 0x7, context size is 832 bytes, using 'standard' format.
[    0.000000] x86/fpu: Using 'eager' FPU context switches.
[    0.000000] e820: BIOS-provided physical RAM map:
[    0.000000] BIOS-e820: [mem 0x0000000000000000-0x000000000009fbff] usable
[    0.000000] BIOS-e820: [mem 0x000000000009fc00-0x000000000009ffff] reserved
[    0.000000] BIOS-e820: [mem 0x00000000000f0000-0x00000000000fffff] reserved
[    0.000000] BIOS-e820: [mem 0x0000000000000-0x00000000dffeffff] usable
[    0.000000] BIOS-e820: [mem 0x00000000dfff0000-0x00000000dfffffff] ACPI data
[    0.000000] BIOS-e820: [mem 0x00000000fec00000-0x00000000fec00fff] reserved
[    0.000000] BIOS-e820: [mem 0x00000000fee00000-0x00000000fee00fff] reserved
[    0.000000] BIOS-e820: [mem 0x00000000fffc0000-0x00000000ffffffff] reserved
[    0.000000] BIOS-e820: [mem 0x0000000100000000-0x000000011fffffff] usable
[    0.000000] NX (Execute Disable) protection: active
[    0.000000] SMBIOS 2.5 present.
[    0.000000] Hypervisor detected: KVM
[    0.000000] e820: last_pfn = 0x120000 max_arch_pfn = 0x400000000
[    0.000000] MTRR: Disabled
[    0.000000] x86/PAT: MTRRs disabled, skipping PAT initialization too.
[    0.000000] CPU MTRRs all blank - virtualized system.
[    0.000000] x86PA: Cnfguaton [-7 WB  WT U- C WB  WT  U- C  
[   0.000000] e820: last_pfn = 0xdfff0 max_arch_pfn = 0x400000000
[    0.000000] found SMP MP-table at [mem 0x0009fff0-0x0009fff]appe at [ffff88000009fff0]
[    0.000000] Scanning 1 areas for low memory corruption
[    0.000000] RADISK: [mem 0x35a40000-0x36d17fff]
[    0.000000] ACPI: Early table checksum verification disabled
[    0.000000] ACPI: RSDP 0x00000000000E0000 000024 (v02 VBOX  )
[    0.000000] ACPI: XSDT 0x00000000DFFF0030 00003C (v01 VBOX   VBOXXSDT 00000001 ASL  00000061)
[    0.000000] ACPI: FACP 0x00000000DFFF00F0 0000F4 (v04 VBOX   VBOXFACP 00000001 ASL  00000061)
[    0.000000] ACPI: DSDT 0x00000000DFFF0480 0021FF (v02 VBOX   VBOXBIOS 00000002 INTL 20100528)
[    0.000000] ACPI: FACS 0x00000000DFFF0200 000040
[    00000 ACPI: AC 00000000FF0200000040
[   .0000] ACPI: APIC 0x00000000DFFF0240 0006(v2 VBOX  VBOXAPIC 00000001 ASL  00000061)
[    0.000000] ACPI: SSDT 0x00000000DFFF02B0 0001CC (v01 VBOX   VBOXCPUT 0000002 TL 2010528)
[    0.000000] No NUMA configuration found
[    0.000000] Faking a node at [mem 0x0000000000000000-0x000000011fffffff]
[    0.000000] NODE_DATA(0) allocated [mem 0x11fff7000-0x11fffbfff]
[    0.000000] kvm-clock: Using msrs 4b564d01 and 4b564d00
[    0.000000] kvm-clock: cpu 0, msr 1:1ffef001, primary cpu clock
[  0.000000] kvm-clock: usngsched offset of 1006246406876 cycles
[    0.000000] clocksource: kvm-clock: mask: 0xffffffffffffff max_cycles: 0x1cd42e4dffb, max_idle_ns: 881590591483 ns
[    0.000000] Zone ranges:
[    0.000000]   DMA      [mem 0x0000000000001000-0x0000000000ffffff]
[    0.000000]   DMA32    [mem 0x0000000001000000-0x00000000ffffffff]
[    0.000000]   Normal   [mem 0x0000000100000000-0x000000011fffffff]
[    0.000000]   Device   empty
[    0.000000] Movable zone start for each node
[    0.000000] Early memory node ranges
[    0.000000]   node   0: [mem 0x000000000000000-x0000000009eff
    0.00000]   node   0: [mem 0x0000000000100000-0x00000000dffeffff]
[    0.000000]   node   0: [mem 0x0000000100000000-0x000000011fffffff]
[    0.000000] Initmem setup node 0 [mem 0x0000000000001000-0x000000011fffffff]
[    0.000000] ACPI: PM-Timer IO Port: 0x4008
[    0.0000 IOAPIC[0]: apic_id 4, version 32, address 0xfec00000, GSI 0-23
[    0.000000] ACPI: INT_SRC_OVR (bus 0 bus_irq 0 global_irq 2 dfl dfl)
[    0.000000] ACPI: INT_SRC_OVR (bus 0 bus_irq 9 global_irq 9 low level)
[    0.000000] Using ACPI (MADT) for SMP configuration information
[    0.000000] smpboot: Allowing 4 CPUs, 0 hotplug CPUs
[    0.000000] PM: Registered nosave memory: [mem 0x00000000-0x00000fff]
[    0.000000] PM: Registered nosave memory: [mem 0x0009f000-0x0009ffff]
[    0.000000] PM: Registered nosave memory: [mem 0x000a0000-0x000effff]
[    0.0000000] PM: Registered nosave memory: [mem 0x000f0000-0x000fffff]
[    0.000000] PM: Registered nosave memory: [mem 0xdfff0000-0xdfffffff]
[    0.000000 PM: Registered nosave memory: [mem 0xe0000000-0xfebfffff]
[  0.000000] PM: Registered nosave memory: [mem 0xfec00000-0xfec00fff]
[    0.000000] PM: Registered nosave memory: [mem 0xfec01000-0xfedfffff]
[    0.000000] PM: Registered nosave memory: [mem 0xfee00000-0xfee00fff]
[    0.000000] PM: Registered nosave memory: [mem 0xfee01000-0xfffbffff]
[    0.000000] PM: Registered nosave memory: [mem 0xfffc0000-0xffffffff]
[    0.000000] e820: [mem 0xe0000000-0xfebfffff] available for PCI devices
[    0.00000] Booting paravirtualized kernel on KVM
[    0.000000] clocksource: refined-jiffies: mask: 0xffffffff max_cycl: 0xfffffff, max_idle_ns: 7645519600211568 ns
[    0.000000] setup_percpu: NR_CPUS:512 nr_cpumask_bits:512 nr_cpu_ids:4 nr_node_ids:1
[    0.00000]PERCPU: Embedded 34 pages/cpu @ffff88011fc00000 s99544 r8192 d31528 u524288
[    0.000000] PV qspinlock hash table entries: 256 (order: 0 4096 bytes)
[    0.000000] Built 1 zonelists in Node order, mobility grouping on.  Total pages: 1032056
[    0.000000] Policy zone: Normal
[    0.000000] Kernel command line: BOOT_IMAGE=/boot/vmlinuz-4.4.0-131-generic root=UUID=a046bbc1-14c9-4b18-8491-4f9a2946484c ro console=tty1 console=ttyS0
[    0.000000] PID hash table entries: 4096 (order: 3, 32768 bytes)
[    0.000000] Memory: 4023460K/4193848K available (8546K kernel code, 1313K rwdata, 4000K rodata, 1516K init, 1316K bss, 170388K reserved, 0K cma-reserved)
[    0.000000] SLUB: HWalign=64, Order=0-3, MinObjects=0, CPUs=4, Nodes=1
[    0.000000] Kernel/User page tables isolation: enabled
[    0.000000] Hierarchical RCU implementation.
[    0.000000] 	Build-time adjustment of leaf fanout to 64.[    0.000000] 	RCU restricting CPUs from NR_CPUS=512 to nr_cpu_ids=4.
[    0.000000] RCU: Adjusting geometry for rcu_fanout_leaf=64, nr_cpu_ids=4
[    0.000000] NR_IRQS:33024 nr_irqs:456 16
[    0.000000] Console: colour VGA+ 80x25
[    0.000000] console [tty1] enabled
[    0.000000] console [ttyS0] enabled
[    0.000000] tsc: Detected 3000.012 MHz processor
[    1.425904] Calibrating delay loop (skipped) preset value.. 6000.02 BogoMIPS (lpj=12000048)
[    1.427480] pid_max: default: 32768 minimum: 301
[    1.428313] ACPI: Core revision 20150930
[    1.429969] ACPI: 2 ACPI AML tables successfully acquired and loaded
[    1.431124] Security Framework initialized
[    1.433453] Yama: becoming mindful.
[    1.434162] AppArmor: AppArmor initialized
[    1.435126] Dentry cache hash table entries: 524288 (order: 10, 4194304 bytes)
[    1.437122] Inode-cache hash table entries: 262144 (order: 9, 2097152 bytes)
[    1.438634] Mount-cache hash table entries: 8192 (order: 4, 65536 bytes)
[    1.439685] Mountpoint-cache hash table entries: 8192 (order: 4, 65536 bytes)
[    1.440958] Initializing cgroup subsys io
[    1.441726] Initializing cgroup subsys memory
[    1.442493] Initializing cgroup subsys devices
[    1.443265] Initializing cgroup subsys freezer
[    1.451076] Initializing cgroup subsys net_cls
[    1.451910] Initializing cgroup subsys perf_event
[    1.452754] Initializing cgroup subsys net_prio
[    1.453850] Initializing cgroup subsys hugetlb
[    1.454664] Initializing cgroup subsys pids
[    1.455497] CPU: Physical Processor ID: 0
[    1.456218] CPU: Processor Core ID: 0
[    1.457733] mce: CPU supports 0 MCE banks
[    1.462592] Last level iTLB entries: 4KB 1024, 2MB 1024, 4MB 1024
[    1.463604] Last level dTLB entries: 4KB 1024, 2MB 1024, 4MB 1024, 1GB 4
[    1.470280] Spectre V2 : Mitigation: Full generic retpoline
[    1.471242] Spectre V2 : Speculation control IBPB not-supported IBRS not-supported
[    1.472374] Speculative Store Bypass: Vulnerable
[    1.475864] Freeing SMP alternatives memory: 32K
[    1.489684] ftrace: allocating 32245 entries in 126 pages
[    1.541154] smpboot: APIC(0) Converting physical 0 to logical package 0
[    1.542316] smpboot: Max logical packages: 1
[    1.543358] x2apic enabled
[    1.544162] Switched APIC routing to physical x2apic.
[    1.546130] ..TIMER: vector=0x30 apic1=0 pin1=2 apic2=-1 pin2=-1
[    1.661957] APIC calibration not consistent with PM-Timer: 108ms instead of 100ms
[    1.730892] APIC delta adjusted to PM-Timer: 6248612 (6752860)
[    1.774656] smpboot: CPU0: Intel(R) Core(TM) i5-4430 CPU @ 3.00GHz (family: 0x6, model: 0x3c, stepping: 0x3)
[    1.799763] Performance Events: unsupported p6 CPU model 60 no PMU driver, software events only.
[    1.883032] KVM setup paravirtual spinlock
[    1.900309] x86: Booting SMP configuration:
[    1.901140] .... node  #0, CPUs:      #1
[    1.902038] kvm-clock: cpu 1, msr 1:1ffef041, secondary cpu clock
[    1.903637] mce: CPU supports 0 MCE banks
[    1.906373]  #2
[    1.906841] kvm-clock: cpu 2, msr 1:1ffef081, secondary cpu clock
[    1.913139] mce: CPU supports 0 MCE banks
[    1.921008]  #3
[    1.924908] kvm-clock: cpu 3, msr 1:1ffef0c1, secondary cpu clock
[    1.932374] mce: CPU supports 0 MCE banks
[    1.941991] x86: Booted up 1 node, 4 CPUs
[    1.965180] smpboot: Total of 4 processors activated (24000.09 BogoMIPS)
[    1.966846] devtmpfs: initialized
[    1.969220] evm: security.selinux
[    1.969953] evm: security.SMACK64
[    1.988176] evm: security.SMACK64EXEC
[    1.988942] evm: security.SMACK64TRANSMUTE
[    1.989723] evm: security.SMACK64MMAP
[    1.990427] evm: security.ima
[    1.991064] evm: security.capability
[    1.991978] clocksource: jiffies: mask: 0xffffffff max_cycles: 0xffffffff, max_idle_ns: 7645041785100000 ns
[    2.072387] futex hash table entries: 1024 (order: 4, 65536 bytes)
[    2.073676] pinctrl core: initialized pinctrl subsystem
[    2.108314] RTC time: 22:30:53, date: 08/02/18
[    2.130044] NET: Registered protocol family 16
[    2.177906] cpuidle: using governor ladder
[    2.205277] cpuidle: using governor menu
[    2.212769] PCCT header not found.
[    2.218460] ACPI: bus type PCI registered
[    2.231495] acpiphp: ACPI Hot Plug PCI Controller Driver version: 0.5
[    2.249679] PCI: Using configuration type 1 for base access
[    2.281359] ACPI: Added _OSI(Module Device)
[    2.288802] ACPI: Added _OSI(Processor Device)
[    2.291614] ACPI: Added _OSI(3.0 _SCP Extensions)
[    2.299337] ACPI: Added _OSI(Processor Aggregator Device)
[    2.302409] ACPI: Executed 1 blocks of module-level executable AML code
[    2.312585] ACPI: Interpreter enabled
[    2.316082] ACPI: (supports S0 S5)
[    2.316776] ACPI: Using IOAPIC for interrupt routing
[    2.317890] PCI: Using host bridge windows from ACPI; if necessary, use "pci=nocrs" and report a bug
[    2.343184] ACPI: PCI Root Bridge [PCI0] (domain 0000 [bus 00-ff])
[    2.344230] acpi PNP0A03:00: _OSC: OS supports [ASPM ClockPM Segments MSI]
[    2.345354] acpi PNP0A03:00: _OSC: not requesting OS control; OS requires [ExtendedConfig ASPM ClockPM MSI]
[    2.357771] acpi PNP0A03:00: fail to add MMCONFIG information, can't access extended PCI configuration space under this bridge.
[    2.360189] PCI host bridge to bus 0000:00
[    2.360942] pci_bus 0000:00: root bus resource [io  0x0000-0x0cf7 window]
[    2.365275] pci_bus 0000:00: root bus resource [io  0x0d00-0xffff window]
[    2.375724] pci_bus 0000:00: root bus resource [mem 0x000a0000-0x000bffff window]
[    2.377131] pci_bus 0000:00: root bus resource [mem 0xe0000000-0xfdffffff window]
[    2.380392] pci_bus 0000:00: root bus resource [bus 00-ff]
[    2.389340] pci 0000:00:01.1: legacy IDE quirk: reg 0x10: [io  0x01f0-0x01f7]
[    2.390828] pci 0000:00:01.1: legacy IDE quirk: reg 0x14: [io  0x03f6]
[    2.405736] pci 0000:00:01.1: legacy IDE quirk: reg 0x18: [io  0x0170-0x0177]
[    2.406907] pci 0000:00:01.1: legacy IDE quirk: reg 0x1c: [io  0x0376]
[    2.497915] pci 0000:00:07.0: quirk: [io  0x4000-0x403f] claimed by PIIX4 ACPI
[    2.499529] pci 0000:00:07.0: quirk: [io  0x4100-0x410f] claimed by PIIX4 SMB
[    2.539440] ACPI: PCI Interrupt Link [LNKA] (IRQs 5 9 10 *11)
[    2.541037] ACPI: PCI Interrupt Link [LNKB] (IRQs 5 9 *10 11)
[    2.542437] ACPI: PCI Interrupt Link [LNKC] (IRQs 5 *9 10 11)
[    2.543861] ACPI: PCI Interrupt Link [LNKD] (IRQs 5 9 10 *11)
[    2.545309] ACPI: Enabled 2 GPEs in block 00 to 07
[    2.546481] vgaarb: setting as boot device: PCI:0000:00:02.0
[    2.547435] vgaarb: device added: PCI:0000:00:02.0,decodes=io+mem,owns=io+mem,locks=none
[    2.555986] vgaarb: loaded
[    2.556581] vgaarb: bridge control possible 0000:00:02.0
[    2.557733] SCSI subsystem initialized
[    2.560013] ACPI: bus type USB registered
[    2.560790] usbcore: registered new interface driver usbfs
[    2.561758] usbcore: registered new interface driver hub
[    2.562732] usbcore: registered new device driver usb
[    2.563813] PCI: Using ACPI for IRQ routing
[    2.564886] NetLabel: Initializing
[    2.565709] NetLabel:  domain hash size = 128
[    2.566550] NetLabel:  protocols = UNLABELED CIPSOv4
[    2.571813] NetLabel:  unlabeled traffic allowed by default
[    2.572916] amd_nb: Cannot enumerate AMD northbridges
[    2.573828] clocksource: Switched to clocksource kvm-clock
[    2.580605] AppArmor: AppArmor Filesystem Enabled
[    2.581809] pnp: PnP ACPI init
[    2.583371] pnp: PnP ACPI: found 3 devices
[    2.592565] clocksource: acpi_pm: mask: 0xffffff max_cycles: 0xffffff, max_idle_ns: 2085701024 ns
[    2.594193] NET: Registered protocol family 2
[    2.595174] TCP established hash table entries: 32768 (order: 6, 262144 bytes)
[    2.596581] TCP bind hash table entries: 32768 (order: 7, 524288 bytes)
[    2.597781] TCP: Hashtables configured (established 32768 bind 32768)
[    2.621706] UDP hash table entries: 2048 (order: 4, 65536 bytes)
[    2.622745] UDP-Lite hash table entries: 2048 (order: 4, 65536 bytes)
[    2.623800] NET: Registered protocol family 1
[   26255] ci 000:0:0.0: Limiting dirctPC/PI ransfrs
[   .999] ci 0000:00:01.0: Activating ISA DMA han workarounds
[   3.15173 Upakig intrmf..
[    3.641361] Freeing initrd memory: 19296K
[    3.642204] PCI-DMA: Using software bounce buffering for IO (SWIOTLB)
[    3.64374] oftware IO LB[mem 0xdbff000xfff0000] (64MB) mapped a[fff80db0000-ff88dfff][  42168] RAP PU tete, API uni i 2-3 Joules, 4 fixed counters 10737418240 ms ovfl timer
[    4.589542] hw unit of domainpp0-core 2^-0 Joules
[    4.619161] hw unit of domain package 2^-0 Joules
[   4.620043] hw unit of domain dram 2^-0 Joules
[    4.643426] hw unit of domain pp1-gpu 2^-0 Joules
[    4.644290] platform rtc_cmos: registered platform RTC device (no PNP device found)
[    4.645735] Scanning for low memory corruption every 60 seconds
[    4.656438] audit: initializing netlink subsys (disabled)
[    4.657392] audit: type=2000 audit(1533250061.587:1): initialized
[    4.658764] Initialise system trusted keyring
[    4.659750] HugeTLB registered 2 MB page size, pre-allocated 0 pages
[    4.662105] zbud: loaded
[    4.662998] VFS: Disk quotas dquot_6.6.0
[    4663766] VFS: Dqt-cache hsh tblenri: 512(oer0, 4096 bys)[   0842 sashf: version4. (09/01/31) Phillip ugr[    .5727]fuseint (APIversion 7.)[   8299] scReind C ocksource calibration: 3001.834 MHz
[    6.179643] clocksource: tsc: mask: 0xfffffffffffffffff max_cycles: 0x2b4509dbc95, max_idle_ns: 440795328264 ns
[    6.179953] Key type big_key registered
[    6.179975] Allocating IMA MOK and blacklist keyrings.
[    6.181700] Key type asymmetric registered
[    6.181704] Asymmetric key parser 'x509' registered
[    6.181767] Block layer SCSI generic (bsg) driver version 0.4 loaded (major 249)
[    6.181818] io scheduler noop registered
[    6.181819] io scheduler deadline registered (default)
[    6.181870] io scheduler cfq registered
[    6.181960] pci_hotplug: PCI Hot Plug PCI Core version: 0.5
[    6.181964] pciehp: PCI Express Hot Plug Controller Driver version: 0.4
[    6.182105] ACPI: AC Adapter [AC] (on-line)
[    6.182158] input: Power Button as /devices/LNXSYSTM:00/LNXPWRBN:00/input/input0
[    6.182161] ACPI: Power Button [PWRF]
[    6.182219] input: Sleep Button as /devices/LNXSYSTM:00/LNXSLPBN:00/input/input1
[    6.182220] ACPI: Sleep Button [SLPF]
[    6.182476] GHES: HEST is not enabled!
[    6.182552] Serial: 8250/16550 driver, 32 ports, IRQ sharing enabled
[    6.265811] 00:02: ttyS0 at I/O 0x3f8 (irq = 4, base_baud = 115200) is a 16550A
[    6.333101] Linux agpgart interface v0.103
[    6.345504] loop: module loaded
[    6.346150] scsi host0: ata_piix
[    6.346280] scsi host1: ata_piix
[    6.346311] ata1: PATA max UDMA/33 cmd 0x1f0 ctl 0x3f6 bmdma 0xd000 irq 14
[    6.346312] ata2: PATA max UDMA/33 cmd 0x170 ctl 0x376 bmdma 0xd008 irq 15
[    6.346396] libphy: Fixed MDIO Bus: probed
[    6.346398] tun: Universal TUN/TAP device driver, 1.6
[    6.346398] tun: (C) 1999-2004 Max Krasnyansky <maxk@qualcomm.com>
[    6.346432] PPP generic driver version 2.4.2
[    6.346489] ehci_hcd: USB 2.0 'Enhanced' Host Controller (EHCI) Driver
[    6.346492] ehci-pci: EHCI PCI platform driver
[    6.346499] ehci-platform: EHCI generic platform driver
[    6.346505] ohci_hcd: USB 1.1 'Open' Host Controller (OHCI) Driver
[    6.346507] ohci-pci: OHCI PCI platform driver
[    6.347003] ohci-pci 0000:00:06.0: OHCI PCI host controller
[    6.347007] ohci-pci 0000:00:06.0: new USB bus registered, assigned bus number 1
[    6.347071] ohci-pci 0000:00:06.0: irq 22, io mem 0xf0804000
[    6.402321] usb usb1: New USB device found, idVendor=1d6b, idProduct=0001
[    6.402322] usb usb1: New USB device strings: Mfr=3, Product=2, SerialNumber=1
[    6.402324] usb usb1: Product: OHCI PCI host controller
[    6.402325] usb usb1: Manufacturer: Linux 4.4.0-131-generic ohci_hcd
[    6.402326] usb usb1: SerialNumber: 0000:00:06.0
[    6.402440] hub 1-0:1.0: USB hub found
[    6.402453] hub 1-0:1.0: 12 ports detected
[    6.402789] ohci-platform: OHCI generic platform driver
[    6.402799] uhci_hcd: USB Universal Host Controller Interface driver
[    6.403327] xhci_hcd 0000:00:0c.0: xHCI Host Controller
[    6.403332] xhci_hcd 0000:00:0c.0: new USB bus registered, assigned bus number 2
[    6.404559] xhci_hcd 0000:00:0c.0: hcc params 0x04000000 hci version 0x100 quirks 0x0000b930
[    6.404723] usb usb2: New USB device found, idVendor=1d6b, idProduct=0002
[    6.404724] usb usb2: New USB device strings: Mfr=3, Product=2, SerialNumber=1
[    6.404725] usb usb2: Product: xHCI Host Controller
[    6.404726] usb usb2: Manufacturer: Linux 4.4.0-131-generic xhci-hcd
[    6.404727] usb usb2: SerialNumber: 0000:00:0c.0
[    6.404812] hub 2-0:1.0: USB hub found
[    6.404840] hub 2-0:1.0: 8 ports detected
[    6.405051] xhci_hcd 0000:00:0c.0: xHCI Host Controller
[    6.405054] xhci_hcd 0000:00:0c.0: new USB bus registered, assigned bus number 3
[    6.405113] usb usb3: New USB device found, idVendor=1d6b, idProduct=0003
[    6.405115] usb usb3: New USB device strings: Mfr=3, Product=2, SerialNumber=1
[    6.405116] usb usb3: Product: xHCI Host Controller
[    6.405117] usb usb3: Manufacturer: Linux 4.4.0-131-generic xhci-hcd
[    6.405118] usb usb3: SerialNumber: 0000:00:0c.0
[    6.405193] hub 3-0:1.0: USB hub found
[    6.405214] hub 3-0:1.0: 6 ports detected
[    6.405406] i8042: PNP: PS/2 Controller [PNP0303:PS2K,PNP0f03:PS2M] at 0x60,0x64 irq 1,12
[    6.408114] serio: i8042 KBD port at 0x60,0x64 irq 1
[    6.408119] serio: i8042 AUX port at 0x60,0x64 irq 12
[    6.408240] mousedev: PS/2 mouse device common for all mice
[    6.408517] rtc_cmos rtc_cmos: rtc core: registered rtc_cmos as rtc0
[    6.408590] rtc_cmos rtc_cmos: alarms up to one day, 114 bytes nvram
[    6.408596] i2c /dev entries driver
[    6.408644] device-mapper: uevent: version 1.0.3
[    6.408690] device-mapper: ioctl: 4.34.0-ioctl (2015-10-28) initialised: dm-devel@redhat.com
[    6.408708] ledtrig-cpu: registered to indicate activity on CPUs
[    6.409152] NET: Registered protocol family 10
[    6.409342] NET: Registered protocol family 17
[    6.409350] Key type dns_resolver registered
[    6.409568] registered taskstats version 1
[    6.409587] Loading compiled-in X.509 certificates
[    6.410236] Loaded X.509 cert 'Build time autogenerated kernel key: 8f274abdf49cd12572c1533a34d1eafea768213f'
[    6.410254] zswap: loaded using pool lzo/zbud
[    6.412032] Key type trusted registered
[    6.415090] Key type encrypted registered
[    6.415098] AppArmor: AppArmor sha1 policy hashing enabled
[    6.415101] ima: No TPM chip found, activating TPM-bypass!
[    6.415106] ima: Allocated hash algorithm: sha1
[    6.415123] evm: HMAC attrs: 0x1
[    6.415390]   Magic number: 14:972:551
[    6.415406] tty ttyS27: hash matches
[    6.415412] clockevents clockevent2: hash matches
[    6.415422] acpi PNP0C0F:02: hash matches
[    6.422811] rtc_cmos rtc_cmos: setting system clock to 2018-08-02 22:30:57 UTC (1533249057)
[    6.422901] input: AT Translated Set 2 keyboard as /devices/platform/i8042/serio0/input/input2
[    6.423034] BIOS EDD facility v0.16 2004-Jun-25, 0 devices found
[    6.423034] EDD information not available.
[    6.614420] Freeing unused kernel memory: 1516K
[    6.638171] Write protecting the kernel read-only data: 14336k
[    6.648805] Freeing unused kernel memory: 1680K
[    6.655699] Freeing unused kernel memory: 96K
Loading, please wait...
starting version 229
[    6.666475] random: systemd-udevd: uninitialized urandom read (16 bytes read, 2 bits of entropy available)
[    6.667024] random: udevadm: uninitialized urandom read (16 bytes read, 2 bits of entropy available)
[    6.667042] random: udevadm: uninitialized urandom read (16 bytes read, 2 bits of entropy available)
[    6.673904] random: udevadm: uninitialized urandom read (16 bytes read, 2 bits of entropy available)
[    6.673941] random: udevadm: uninitialized urandom read (16 bytes read, 2 bits of entropy available)
[    6.674139] random: udevadm: uninitialized urandom read (16 bytes read, 2 bits of entropy available)
[    6.674196] random: udevadm: uninitialized urandom read (16 bytes read, 2 bits of entropy available)
[    6.674242] random: udevadm: uninitialized urandom read (16 bytes read, 2 bits of entropy available)
[    6.674284] random: udevadm: uninitialized urandom read (16 bytes read, 2 bits of entropy available)
[    6.674324] random: udevadm: uninitialized urandom read (16 bytes read, 2 bits of entropy available)
[    6.738022] Fusion MPT base driver 3.04.20
[    6.752316] Copyright (c) 1999-2008 LSI Corporation
[    6.765475] e1000: Intel(R) PRO/1000 Network Driver - version 7.3.21-k8-NAPI
[    6.793969] e1000: Copyright (c) 1999-2006 Intel Corporation.
[    6.801756] Fusion MPT SPI Host driver 3.04.20
[    6.807001] AVX2 version of gcm_enc/dec engaged.
[    6.807879] AES CTR mode by8 optimization enabled
[    7.002329] input: ImExPS/2 Generic Explorer Mouse as /devices/platform/i8042/serio1/input/input4
[    7.162543] e1000 0000:00:03.0 eth0: (PCI:33MHz:32-bit) 02:51:ce:62:00:80
[    7.163656] e1000 0000:00:03.0 eth0: Intel(R) PRO/1000 Network Connection
[    7.165915] mptbase: ioc0: Initiating bringup
[    7.167351] e1000 0000:00:03.0 enp0s3: renamed from eth0
[    7.238261] ioc0: LSI53C1030 A0: Capabilities={Initiator}
[    7.407820] scsi host2: ioc0: LSI53C1030 A0, FwRev=00000000h, Ports=1, MaxQ=256, IRQ=20
[    7.518820] scsi 2:0:0:0: Direct-Access     VBOX     HARDDISK         1.0  PQ: 0 ANSI: 5
[    7.526931] scsi target2:0:0: Beginning Domain Validation
[    7.529088] scsi target2:0:0: Domain Validation skipping write tests
[    7.530254] scsi target2:0:0: Ending Domain Validation
[    7.745635] scsi target2:0:0: asynchronous
[    7.747154] scsi 2:0:1:0: Direct-Access     VBOX     HARDDISK         1.0  PQ: 0 ANSI: 5
[    7.749019] scsi target2:0:1: Beginning Domain Validation
[    7.751344] scsi target2:0:1: Domain Validation skipping write tests
[    7.759305] scsi target2:0:1: Ending Domain Validation
[    7.760857] scsi target2:0:1: asynchronous
[    7.769290] sd 2:0:0:0: Attached scsi generic sg0 type 0
[    7.770355] sd 2:0:0:0: [sda] 41943040 512-byte logical blocks: (21.5 GB/20.0 GiB)
[    7.772017] sd 2:0:1:0: Attached scsi generic sg1 type 0
[    7.772789] sd 2:0:1:0: [sdb] 20480 512-byte logical blocks: (10.5 MB/10.0 MiB)
[    7.772991] sd 2:0:1:0: [sdb] Write Protect is off
[    7.773120] sd 2:0:1:0: [sdb] Incomplete mode parameter data
[    7.773121] sd 2:0:1:0: [sdb] Assuming drive cache: write through
[    7.778908] sd 2:0:0:0: [sda] Write Protect is off
[    7.779072] sd 2:0:0:0: [sda] Incomplete mode parameter data
[    7.779073] sd 2:0:0:0: [sda] Assuming drive cache: write through
[    7.781332]  sda: sda1
[    7.782702] sd 2:0:0:0: [sda] Attached SCSI disk
[    7.782754] sd 2:0:1:0: [sdb] Attached SCSI disk
Begin: Loading essential drivers ... [    9.186017] md: linear personality registered for level -1
[    9.196184] md: multipath personality registered for level -4
[    9.206155] md: raid0 personality registered for level 0
[    9.218401] md: raid1 personality registered for level 1
[    9.290481] raid6: sse2x1   gen()  9256 MB/s
[    9.358117] raid6: sse2x1   xor()  5864 MB/s
[    9.427013] raid6: sse2x2   gen() 11446 MB/s
[    9.494484] raid6: sse2x2   xor()  7256 MB/s
[    9.562112] raid6: sse2x4   gen()  9468 MB/s
[    9.631021] raid6: sse2x4   xor()  6738 MB/s
[    9.697951] raid6: avx2x1   gen() 16088 MB/s
[    9.766190] raid6: avx2x2   gen() 18423 MB/s
[    9.834464] raid6: avx2x4   gen() 24233 MB/s
[    9.872233] raid6: using algorithm avx2x4 gen() 24233 MB/s
[    9.877072] raid6: using avx2x2 recovery algorithm
[    9.885086] xor: automatically using best checksumming function:
[    9.926092]    avx       : 27892.000 MB/sec
[    9.927987] async_tx: api initialized (async)
[    9.936063] md: raid6 personality registered for level 6
[    9.937039] md: raid5 personality registered for level 5
[    9.938051] md: raid4 personality registered for level 4
[    9.951488] md: raid10 personality registered for level 10
done.
Begin: Running /scripts/init-premount ... done.
Begin: Mounting root file system ... Begin: Running /scri[    9.985628] Btrfs loaded
pts/local-top ... done.
Begin: Running /scripts/local-premount ... Scanning for Btrfs filesystems
done.
Warning: fsck no[   10.023134] EXT4-fs (sda1): mounted filesystem with ordered data mode. Opts: (null)
t present, so skipping root file system
done.
Begin: Running /scripts/local-bottom ... done.
Begin: Running /scripts/init-bottom ... done.
[   10.136855] systemd[1]: systemd 229 running in system mode. (+PAM +AUDIT +SELINUX +IMA +APPARMOR +SMACK +SYSVINIT +UTMP +LIBCRYPTSETUP +GCRYPT +GNUTLS +ACL +XZ -LZ4 +SECCOMP +BLKID +ELFUTILS +KMOD -IDN)
[   10.140046] systemd[1]: Detected virtualization oracle.
[   10.147375] systemd[1]: Detected architecture x86-64.

Welcome to [1mUbuntu 16.04.5 LTS[0m!

[   10.151150] systemd[1]: Set hostname to <home010818>.
[   10.293473] systemd[1]: Listening on LVM2 poll daemon socket.
[[0;32m  OK  [0m] Listening on LVM2 poll daemon socket.
[   10.295524] systemd[1]: Listening on Journal Socket (/dev/log).
[[0;32m  OK  [0m] Listening on Journal Socket (/dev/log).
[   10.327204] systemd[1]: Created slice System Slice.
[[0;32m  OK  [0m] Created slice System Slice.
[  10.363337] systemd[1]: Created slicesyte-srial\xdgtty.slice.
[[0;32m  OK  [0m] Created slice system-serial\x2dgetty.slice.
[  1.61673 sstemd[1]: Started Trigger resolvconf update for networkd DNS.
[[0;32m  OK  [0m] Started Trigger resolvconf update for networkd DNS.
[  1.755389] systemd[1]: Listening on udev Kernel Socket.
[[0;32m  OK  [0m] Listening on udev Kernel Socket.
[   10.874115] systemd[1]: Listening on Syslog Socket.
[[0;32m  OK  [0m] Listening on Syslog Socket.
[   10.884539] systemd[1]: Started Forward Password Requests to Wall Directory Watch.
[[0;32m  OK  [0m] Started Forward Password Requests to Wall Directory Watch.
[   10.906877] systemd[1]: Set up automount Arbitrary Executable File Formats File System Automount Point.
[[0;32m  OK  [0m] Set up automount Arbitrary Executab...ats File System Automount Point.
[   10.919738] systemd[1]: Created slice User and Session Slice.
[[0;32m  OK  [0m] Created slice User and Session Slice.
[   10.928612] systemd[1]: Listening on udev Control Socket.
[[0;32m  OK  [0m] Listening on udev Control Socket.
[   10.930488] systemd[1]: Reached target System Time Synchronized.
[[0;32m  OK  [0m] Reached target System Time Synchronized.
[   10.937993] systemd[1]: Listening on LVM2 metadata daemon socket.
[[0;32m  OK  [0m] Listening on LVM2 metadata daemon socket.
[   10.939932] systemd[1]: Reached target User and Group Name Lookups.
[[0;32m  OK  [0m] Reached target User and Group Name Lookups.
[   10.942000] systemd[1]: Listening on /dev/initctl Compatibility Named Pipe.
[[0;32m  OK  [0m] Listening on /dev/initctl Compatibility Named Pipe.
[   10.953520] systemd[1]: Listening on Journal Audit Socket.
[[0;32m  OK  [0m] Listening on Journal Audit Socket.
[   10.955667] systemd[1]: Reached target Slices.
[[0;32m  OK  [0m] Reached target Slices.
[   10.957296] systemd[1]: Listening on Journal Socket.
[[0;32m  OK  [0m] Listening on Journal Socket.
[   10.969993] systemd[1]: Starting Journal Service...
         Starting Journal Service...
[   10.995096] systemd[1]: Mounting Debug File System...
         Mounting Debug File System...
[   11.874014] systemd[1]: Starting Load Kernel Modules...
         Startin[   11.895154] lp: driver loaded but no devices found
g Load Kernel Mo[   11.915669] ppdev: user-space parallel port driver
dules...
[   11.920839] systemd[1]: Starting Create list of required static device nodes for the current kernel...
         Starting Create list of required st... nodes for the current kernel...
[   11.934302] systemd[1]: Mounting Huge Pages File System...
         Mountin[   11.947332] Loading iSCSI transport class v2.0-870.
g Huge Pages File System...
[   11.955918] systemd[1]: Starting Set console keymap...
         Startin[   11.969075] iscsi: registered transport (tcp)
g Set console keymap...
[   11.986437] systemd[1]: Starting Remount Root and Kernel File Systems...
[   11.992468] EXT4-fs (sda1): re-mounted. Opts: (null)
         Starting Remount Root and Kernel File Systems...
[   12.023731] systemd[1]: Reached target Swap.
[[0;32m  OK  [0m] Reached target Swap.
[   12.039858] systemd[1]: Mounting POSIX Message Queue File System...
[   12.051490] iscsi: registered transport (iser)
         Mounting POSIX Message Queue File System...
[   12.060345] systemd[1]: Starting Nameserver information manager...
         Starting Nameserver information manager...
[   12.070115] systemd[1]: Starting Uncomplicated firewall...
         Starting Uncomplicated firewall...
[   12.072122] systemd[1]: Listening on Device-mapper event daemon FIFOs.
[[0;32m  OK  [0m] Listening on Device-mapper event daemon FIFOs.
[   12.090407] systemd[1]: Starting Monitoring of LVM2 mirrors, snapshots etc. using dmeventd or progress polling...
         Starting Monitoring of LVM2 mirrors... dmeventd or progress polling...
[   12.103870] systemd[1]: Reached target Encrypted Volumes.
[[0;32m  OK  [0m] Reached target Encrypted Volumes.
[   12.113481] systemd[1]: Mounted POSIX Message Queue File System.
[[0;32m  OK  [0m] Mounted POSIX Message Queue File System.
[   12.125290] systemd[1]: Mounted Huge Pages File System.
[[0;32m  OK  [0m] Mounted Huge Pages File System.
[   12.143561] systemd[1]: Mounted Debug File System.
[[0;32m  OK  [0m] Mounted Debug File System.
[   12.145331] systemd[1]: Started Journal Service.
[[0;32m  OK  [0m] Started Journal Service.
[[0;32m  OK  [0m] Started Load Kernel Modules.
[[0;32m  OK  [0m] Started Create list of required sta...ce nodes for the current kernel.
[[0;32m  OK  [0m] Started Set console keymap.
[[0;32m  OK  [0m] Started Remount Root and Kernel File Systems.
[[0;32m  OK  [0m] Started Uncomplicated firewall.
[[0;32m  OK  [0m] Started Nameserver information manager.
[[0;32m  OK  [0m] Started LVM2 metadata daemon.
[   12.310950] random: nonblocking pool is initialized
         Starting udev Coldplug all Devices...
         Starting Load/Save Random Seed...
         Starting Create Static Device Nodes in /dev...
         Starting Apply Kernel Variables...
         Mounting FUSE Control File System...
         Starting Flush Journal to Persistent Storage...
[[0;32m  OK  [0m] Mounted FUSE Control File System.
[[0;32m  OK  [0m] Started Monitoring of LVM2 mirrors,...ng dmeventd or progress polling.
[[0;32m  OK  [0m] Started Load/Save Random Seed.
[[0;32m  OK  [0m] Started Create Static Device Nodes in /dev.
[[0;32m  OK  [0m] Started Apply Kernel Variables.
[[0;32m  OK  [0m] Started udev Coldplug all Devices.
[[0;32m  OK  [0m] Started Flush Journal to Persistent Storage.
         Starting udev Kernel Device Manager...
[[0;32m  OK  [0m] Started udev Kernel Device Manager.
[[0;32m  OK  [0m] Reached target Local File Systems (Pre).
[[0;32m  OK  [0m] Reached target Local File Systems.
         Starting LSB: AppArmor initialization...
         Starting Initial cloud-init job (pre-networking)...
         Starting Create Volatile Files and Directories...
         Starting Set console font and keymap...
         Starting Tell Plymouth To Write Out Runtime Data...
[[0;32m  OK  [0m] Started Dispatch Password Requests to Console Directory Watch.
[[0;32m  OK  [0m] Started Create Volatile Files and Directories.
[[0;32m  OK  [0m] Started Tell Plymouth To Write Out Runtime Data.
[[0;32m  OK  [0m] Found device /dev/ttyS0.
[[0;32m  OK  [0m] Started Set console font and keymap.
[[0;32m  OK  [0m] Created slice system-getty.slice.
[[0;32m  OK  [0m] Listening on Load/Save RF Kill Switch Status /dev/rfkill Watch.
         Starting Update UTMP about System Boot/Shutdown...
[[0;32m  OK  [0m] Started Update UTMP about System Boot/Shutdown.
[[0;32m  OK  [0m] Started LSB: AppArmor initialization.
[   11.772599] cloud-init[625]: Cloud-init v. 18.2 running 'init-local' at Thu, 02 Aug 2018 22:31:04 +0000. Up 11.50 seconds.
[[0;32m  OK  [0m] Started Initial cloud-init job (pre-networking).
[[0;32m  OK  [0m] Reached target Network (Pre).
[[0;32m  OK  [0m] Started ifup for enp0s3.
         Starting Raise network interfaces...
[[0;32m  OK  [0m] Started Raise network interfaces.
         Starting Initial cloud-init job (metadata service crawler)...
[   12.753709] cloud-init[1071]: Cloud-init v. 18.2 running 'init' at Thu, 02 Aug 2018 22:31:05 +0000. Up 12.44 seconds.
[   12.784744] cloud-init[1071]: ci-info: ++++++++++++++++++++++++++++++++++++Net device info+++++++++++++++++++++++++++++++++++++
[   12.812685] cloud-init[1071]: ci-info: +--------+------+--------------------------+---------------+-------+-------------------+
[   12.838386] [cloud-init[0;32m  OK  [0m[1071]: ] ci-info: | Device |  Up  |         Address          |      Mask     | Scope |     Hw-Address    |Started Initial cloud-init job (metadata service crawler).

[   12.883309] [cloud-init[0;32m  OK  [0m[1071]: ] ci-info: +--------+------+--------------------------+---------------+-------+-------------------+Reached target System Initialization.

[[   12.883530] [0;32m  OK  [0mcloud-init] [1071]: Listening on Avahi mDNS/DNS-SD Stack Activation Socket.ci-info: | enp0s3 | True |        10.0.2.15         | 255.255.255.0 |   .   | 02:51:ce:62:00:80 |

[   12.933728] [cloud-init[0;32m  OK  [0m[1071]: ] ci-info: | enp0s3 | True | fe80::51:ceff:fe62:80/64 |       .       |  link | 02:51:ce:62:00:80 |Started CUPS Scheduler.

[   12.933972] cloud-init[1071]: ci-info: |   lo   | True |        127.0.0.1         |   255.0.0.0   |   .   |         .         |
[   12.952370] [cloud-init[0;32m  OK  [0m[1071]: ] ci-info: |   lo   | True |         ::1/128          |       .       |  host |         .         |Started Daily apt download activities.

[[   12.952692] [0;32m  OK  [0mcloud-init] [1071]: Listening on CUPS Scheduler.ci-info: +--------+------+--------------------------+---------------+-------+-------------------+

[   12.995195] [cloud-init[0;32m  OK  [0m[1071]: ] ci-info: +++++++++++++++++++++++++++Route IPv4 info++++++++++++++++++++++++++++Listening on ACPID Listen Socket.

[   12.995455]          cloud-initStarting Docker Socket for the API.[1071]: 
ci-info: +-------+-------------+----------+---------------+-----------+-------+
[   13.013039] [cloud-init[0;32m  OK  [0m[1071]: ] ci-info: | Route | Destination | Gateway  |    Genmask    | Interface | Flags |Started Daily Cleanup of Temporary Directories.

[   13.013375] cloud-init[1071]: ci-info: +-------+-------------+----------+---------------+-----------+-------+
[   13.028460] [cloud-init[0;32m  OK  [0m[1071]: ] ci-info: |   0   |   0.0.0.0   | 10.0.2.2 |    0.0.0.0    |   enp0s3  |   UG  |Started ACPI Events Check.

[[   13.028715] [0;32m  OK  [0mcloud-init] [1071]: Reached target Paths.ci-info: |   1   |   10.0.2.0  | 0.0.0.0  | 255.255.255.0 |   enp0s3  |   U   |

[   13.069680] [cloud-init[0;32m  OK  [0m[1071]: ] ci-info: +-------+-------------+----------+---------------+-----------+-------+Started Daily apt upgrade and clean activities.

[[0;32m  OK  [0m] Reached target Timers.
[[0;32m  OK  [0m] Listening on D-Bus System Message Bus Socket.
         Starting Socket activation for snappy daemon.
         Starting LXD - unix socket.
[[0;32m  OK  [0m] Listening on UUID daemon activation socket.
[[0;32m  OK  [0m] Reached target Cloud-config availability.
[[0;32m  OK  [0m] Listening on Docker Socket for the API.
[[0;32m  OK  [0m] Listening on Socket activation for snappy daemon.
[[0;32m  OK  [0m] Listening on LXD - unix socket.
[[0;32m  OK  [0m] Reached target Sockets.
[[0;32m  OK  [0m] Reached target Basic System.
         Starting Initialize hardware monitoring sensors...
[[0;32m  OK  [0m] Started Regular background program processing daemon.
         Starting Virtualbox guest utils...
[[0;32m  OK  [0m] Started Run anacron jobs.
         Starting Avahi mDNS/DNS-SD Stack...
         Starting Login Service...
         Starting Accounts Service...
[[0;32m  OK  [0m] Started Deferred execution scheduler.
         Starting Detect the available GPUs and deal with any system changes...
[[0;32m  OK  [0m] Started D-Bus System Message Bus.
[[0;32m  OK  [0m] Started Avahi mDNS/DNS-SD Stack.
[[0;32m  OK  [0m] Started CUPS Scheduler.
[[0;32m  OK  [0m] Started Make remote CUPS printers available locally.
         Starting LXD - container startup/shutdown...
         Starting Network Manager...
[[0;32m  OK  [0m] Started ACPI event daemon.
         Starting Restore /etc/resolv.conf i...re the ppp link was shut down...
         Starting LSB: MD monitoring daemon...
         Starting Snappy daemon...
[[0;32m  OK  [0m] Started FUSE filesystem for LXC.
         Starting LSB: Record successful boot for GRUB...
         Starting System Logging Service...
[[0;32m  OK  [0m] Started Detect the available GPUs and deal with any system changes.
[[0;32m  OK  [0m] Started LXD - container startup/shutdown.
[[0;32m  OK  [0m] Started Restore /etc/resolv.conf if...fore the ppp link was shut down.
[[0;32m  OK  [0m] Started Initialize hardware monitoring sensors.
[[0;32m  OK  [0m] Started System Logging Service.
[[0;32m  OK  [0m] Started Snappy daemon.
[[0;32m  OK  [0m] Started Network Manager.
[[0;32m  OK  [0m] Started LSB: MD monitoring daemon.
[[0;32m  OK  [0m] Started LSB: Record successful boot for GRUB.
[[0;32m  OK  [0m] Started Login Service.
[[0;32m  OK  [0m] Started Virtualbox guest utils.
         Starting Network Manager Script Dispatcher Service...
         Starting Network Manager Wait Online...
[[0;32m  OK  [0m] Reached target Network.
[[0;32m  OK  [0m] Started Unattended Upgrades Shutdown.
         Starting Authenticate and Authorize Users to Run Privileged Tasks...
         Starting Wait until snapd is fully seeded...
[[0;32m  OK  [0m] Started Wait until snapd is fully seeded.
[[0;32m  OK  [0m] Started Network Manager Script Dispatcher Service.
[[0;32m  OK  [0m] Started Authenticate and Authorize Users to Run Privileged Tasks.
[[0;32m  OK  [0m] Started Accounts Service.
         Starting Hostname Service...
[[0;32m  OK  [0m] Started Hostname Service.
[[0;32m  OK  [0m] Started Network Manager Wait Online.
[[0;32m  OK  [0m] Reached target Network is Online.
         Starting Docker Application Container Engine...
         Starting OpenBSD Secure Shell server...
         Starting /etc/rc.local Compatibility...
         Starting iSCSI initiator daemon (iscsid)...
         Starting Apply the settings specified in cloud-config...
[[0;32m  OK  [0m] Started crash report submission daemon.
[[0;32m  OK  [0m] Started OpenBSD Secure Shell server.
[[0;32m  OK  [0m] Started /etc/rc.local Compatibility.
[[0;32m  OK  [0m] Started iSCSI initiator daemon (iscsid).
         Starting Login to default iSCSI targets...
[[0;32m  OK  [0m] Started Login to default iSCSI targets.
[[0;32m  OK  [0m] Reached target Remote File Systems (Pre).
[[0;32m  OK  [0m] Reached target Remote File Systems.
         Starting LSB: Set the CPU Frequency Scaling governor to "ondemand"...
         Starting LSB: automatic crash report generation...
         Starting LSB: daemon to balance interrupts for SMP systems...
         Starting Permit User Sessions...
[   14.456352] cloud-init[1297]: Cloud-init v. 18.2 running 'modules:config' at Thu, 02 Aug 2018 22:31:07 +0000. Up 14.28 seconds.
         Starting LSB: Start NTP daemon...
[[0;32m  OK  [0m] Started Apply the settings specified in cloud-config.
[[0;32m  OK  [0m] Started Permit User Sessions.
[[0;32m  OK  [0m] Started LSB: Set the CPU Frequency Scaling governor to "ondemand".
[[0;32m  OK  [0m] Started LSB: automatic crash report generation.
         Starting Hold until boot process finishes up...
         Starting Light Display Manager...
[[0;32m  OK  [0m] Started LSB: daemon to balance interrupts for SMP systems.
[[0;32m  OK  [0m] Started LSB: Start NTP daemon.
[[0;32m  OK  [0m] Started Hold until boot process finishes up.
         Starting Set console scheme...
[[0;32m  OK  [0m] Started Getty on tty1.
[[0;32m  OK  [0m] Started Serial Getty on ttyS0.
[[0;32m  OK  [0m] Reached target Login Prompts.
[[0;32m  OK  [0m] Started Set console scheme.
[[0;32m  OK  [0m] Started Light Display Manager.
[[0;32m  OK  [0m] Started Docker Application Container Engine.
[[0;32m  OK  [0m] Reached target Multi-User System.
         Starting Execute cloud user/final scripts...
[[0;32m  OK  [0m] Reached target Graphical Interface.
         Starting Update UTMP about System Runlevel Changes...
[[0;32m  OK  [0m] Started Update UTMP about System Runlevel Changes.
[[0;32m  OK  [0m] Created slice User Slice of lightdm.
         Starting User Manager for UID 113...
[[0;32m  OK  [0m] Started User Manager for UID 113.
[[0;32m  OK  [0m] Started Session c1 of user lightdm.
[   15.594701] cloud-init[1700]: Cloud-init v. 18.2 running 'modules:final' at Thu, 02 Aug 2018 22:31:08 +0000. Up 15.44 seconds.
[   15.673858] cloud-init[1700]: Cloud-init v. 18.2 finished at Thu, 02 Aug 2018 22:31:08 +0000. Datasource DataSourceNoCloud [seed=/dev/sdb][dsmode=net].  Up 15.58 seconds
[[0;32m  OK  [0m] Started Execute cloud user/final scripts.
[[0;32m  OK  [0m] Reached target Cloud-init target.

Ubuntu 16.04.5 LTS home010818 ttyS0

home010818 login: 